Working directory is /home/maychris/Mars_Dust/Mars-Dust-Modelling
Running on hosts gl1506
Running on hosts gl1506
Running job convection
Running on 1 nodes
Running on processors
Time submitted: Sat Nov 29 21:24:26 EST 2025
Forcing: 72.5 W/m^2
Reading input file: convection_B_3D.yaml
count = 0, dt = 0.3744844906179945, time = 0.0
mass =  tensor(101592.2485, device='cuda:0')
6277.57 allocated, 13.8%, 7472.00 reserved
count = 1000, dt = 0.3758665608305086, time = 378.38499882372867
mass =  tensor(101595.1639, device='cuda:0')
6515.93 allocated, 14.3%, 10650.00 reserved
count = 2000, dt = 0.37042745470796756, time = 751.5680477763101
mass =  tensor(101596.7732, device='cuda:0')
6516.84 allocated, 14.3%, 10650.00 reserved
count = 3000, dt = 0.32034610806418207, time = 1094.3981413587908
mass =  tensor(101593.1719, device='cuda:0')
6515.93 allocated, 14.3%, 10650.00 reserved
count = 4000, dt = 0.33240602376233475, time = 1416.0198566893362
mass =  tensor(101592.7422, device='cuda:0')
6516.84 allocated, 14.3%, 10650.00 reserved
count = 5000, dt = 0.3321657394525674, time = 1748.2814872935296
mass =  tensor(101593.7841, device='cuda:0')
6515.93 allocated, 14.3%, 10650.00 reserved
count = 6000, dt = 0.33799948203221886, time = 2086.5158480480018
mass =  tensor(101594.4162, device='cuda:0')
6515.93 allocated, 14.3%, 10650.00 reserved
count = 7000, dt = 0.3329732162090996, time = 2422.5097510824444
mass =  tensor(101595.0415, device='cuda:0')
6516.84 allocated, 14.3%, 10650.00 reserved
count = 8000, dt = 0.3370181556570947, time = 2759.071917473624
mass =  tensor(101595.7698, device='cuda:0')
6515.93 allocated, 14.3%, 10650.00 reserved
count = 9000, dt = 0.33498623059278915, time = 3094.2736236573564
mass =  tensor(101596.5310, device='cuda:0')
6515.93 allocated, 14.3%, 10650.00 reserved
count = 10000, dt = 0.3333697713448454, time = 3428.487788261487
mass =  tensor(101597.2357, device='cuda:0')
6516.84 allocated, 14.3%, 10650.00 reserved
count = 11000, dt = 0.32920792670204113, time = 3761.3080847140213
mass =  tensor(101597.8984, device='cuda:0')
6515.93 allocated, 14.3%, 10650.00 reserved
count = 12000, dt = 0.331265099252149, time = 4091.1714101838566
mass =  tensor(101598.5360, device='cuda:0')
6515.93 allocated, 14.3%, 10650.00 reserved
count = 13000, dt = 0.33103920045926516, time = 4421.972346061448
mass =  tensor(101599.1767, device='cuda:0')
6516.84 allocated, 14.3%, 10650.00 reserved
count = 14000, dt = 0.3263228077613992, time = 4745.816473956911
mass =  tensor(101599.7609, device='cuda:0')
6515.93 allocated, 14.3%, 10650.00 reserved
count = 15000, dt = 0.3229844591928118, time = 5072.397175729444
mass =  tensor(101600.3737, device='cuda:0')
6515.93 allocated, 14.3%, 10650.00 reserved
count = 16000, dt = 0.32761606168810076, time = 5400.097685753158
mass =  tensor(101600.9764, device='cuda:0')
6516.84 allocated, 14.3%, 10650.00 reserved
count = 17000, dt = 0.32869539871591796, time = 5725.768140412115
mass =  tensor(101601.5620, device='cuda:0')
6515.93 allocated, 14.3%, 10650.00 reserved
count = 18000, dt = 0.3265829823551209, time = 6053.073771474849
mass =  tensor(101602.1675, device='cuda:0')
6515.93 allocated, 14.3%, 10650.00 reserved
count = 19000, dt = 0.3264139875717937, time = 6377.130613174097
mass =  tensor(101602.7389, device='cuda:0')
6516.84 allocated, 14.3%, 10650.00 reserved
count = 20000, dt = 0.32222780573624543, time = 6699.210639596403
mass =  tensor(101603.2968, device='cuda:0')
6515.93 allocated, 14.3%, 10650.00 reserved
count = 21000, dt = 0.32322116953627267, time = 7025.110770337053
mass =  tensor(101603.8837, device='cuda:0')
6515.93 allocated, 14.3%, 10650.00 reserved
count = 22000, dt = 0.32015709974210027, time = 7349.359103914511
mass =  tensor(101604.4879, device='cuda:0')
6516.84 allocated, 14.3%, 10650.00 reserved
count = 23000, dt = 0.31611196142947096, time = 7672.132604861375
mass =  tensor(101605.0704, device='cuda:0')
6515.93 allocated, 14.3%, 10650.00 reserved
count = 24000, dt = 0.3222139749084467, time = 7990.37565890022
mass =  tensor(101605.6316, device='cuda:0')
6515.93 allocated, 14.3%, 10650.00 reserved
count = 25000, dt = 0.31734421028014287, time = 8307.594834857096
mass =  tensor(101606.1910, device='cuda:0')
6516.84 allocated, 14.3%, 10650.00 reserved
count = 26000, dt = 0.3169702937577951, time = 8628.881886212974
mass =  tensor(101606.7761, device='cuda:0')
6515.93 allocated, 14.3%, 10650.00 reserved
count = 27000, dt = 0.3240576891262914, time = 8951.785870465003
mass =  tensor(101607.3531, device='cuda:0')
6515.93 allocated, 14.3%, 10650.00 reserved
count = 28000, dt = 0.32446270785206677, time = 9275.15199073714
mass =  tensor(101607.9362, device='cuda:0')
6516.84 allocated, 14.3%, 10650.00 reserved
count = 29000, dt = 0.31518610004084685, time = 9591.494211405883
mass =  tensor(101608.4937, device='cuda:0')
6515.93 allocated, 14.3%, 10650.00 reserved
count = 30000, dt = 0.3244664620277099, time = 9911.325068263184
mass =  tensor(101609.0707, device='cuda:0')
6515.93 allocated, 14.3%, 10650.00 reserved
count = 31000, dt = 0.3203416550848383, time = 10234.219274702766
mass =  tensor(101609.6650, device='cuda:0')
6516.84 allocated, 14.3%, 10650.00 reserved
count = 32000, dt = 0.3165763343637644, time = 10553.31691269636
mass =  tensor(101610.2271, device='cuda:0')
6515.93 allocated, 14.3%, 10650.00 reserved
count = 33000, dt = 0.31999859359031935, time = 10871.811105168685
mass =  tensor(101610.8065, device='cuda:0')
6515.93 allocated, 14.3%, 10650.00 reserved
count = 34000, dt = 0.31697915294738527, time = 11192.669090052525
mass =  tensor(101611.3995, device='cuda:0')
6516.84 allocated, 14.3%, 10650.00 reserved
count = 35000, dt = 0.319804049932749, time = 11508.55408726552
mass =  tensor(101611.9607, device='cuda:0')
6515.93 allocated, 14.3%, 10650.00 reserved
count = 36000, dt = 0.3175824114346639, time = 11823.314730603654
mass =  tensor(101612.5192, device='cuda:0')
6515.93 allocated, 14.3%, 10650.00 reserved
count = 37000, dt = 0.30608691855684006, time = 12135.239910330241
mass =  tensor(101613.0650, device='cuda:0')
6516.84 allocated, 14.3%, 10650.00 reserved
count = 38000, dt = 0.3097342579397753, time = 12450.69278375345
mass =  tensor(101613.6468, device='cuda:0')
6515.93 allocated, 14.3%, 10650.00 reserved
count = 39000, dt = 0.31974310159249114, time = 12764.369612193146
mass =  tensor(101614.1994, device='cuda:0')
6515.93 allocated, 14.3%, 10650.00 reserved
count = 40000, dt = 0.316189861885572, time = 13081.35639367166
mass =  tensor(101614.7786, device='cuda:0')
6516.84 allocated, 14.3%, 10650.00 reserved
count = 41000, dt = 0.3145145797665981, time = 13395.729186211634
mass =  tensor(101615.3504, device='cuda:0')
6515.93 allocated, 14.3%, 10650.00 reserved
count = 42000, dt = 0.31526674958369316, time = 13710.507416387265
mass =  tensor(101615.8881, device='cuda:0')
6515.93 allocated, 14.3%, 10650.00 reserved
count = 43000, dt = 0.31404089967015575, time = 14025.142155714437
mass =  tensor(101616.4241, device='cuda:0')
6516.84 allocated, 14.3%, 10650.00 reserved
count = 44000, dt = 0.3057186883642823, time = 14335.983874273208
mass =  tensor(101616.9798, device='cuda:0')
6515.93 allocated, 14.3%, 10650.00 reserved
count = 45000, dt = 0.3178264736290263, time = 14650.423253560293
mass =  tensor(101617.5327, device='cuda:0')
6515.93 allocated, 14.3%, 10650.00 reserved
count = 46000, dt = 0.316939464671132, time = 14964.522475928461
mass =  tensor(101618.0784, device='cuda:0')
6516.84 allocated, 14.3%, 10650.00 reserved
count = 47000, dt = 0.3153654207956258, time = 15281.147856505535
mass =  tensor(101618.6198, device='cuda:0')
6515.93 allocated, 14.3%, 10650.00 reserved
count = 48000, dt = 0.31394340074300037, time = 15592.555609296951
mass =  tensor(101619.1510, device='cuda:0')
6515.93 allocated, 14.3%, 10650.00 reserved
count = 49000, dt = 0.323264313211817, time = 15905.636431316807
mass =  tensor(101619.7027, device='cuda:0')
6516.84 allocated, 14.3%, 10650.00 reserved
count = 50000, dt = 0.31735240306444695, time = 16222.846664792447
mass =  tensor(101620.3027, device='cuda:0')
6515.93 allocated, 14.3%, 10650.00 reserved
count = 51000, dt = 0.30917781197337635, time = 16538.498540722794
mass =  tensor(101620.8835, device='cuda:0')
6515.93 allocated, 14.3%, 10650.00 reserved
count = 52000, dt = 0.3079429196668288, time = 16850.203627537012
mass =  tensor(101621.4216, device='cuda:0')
6516.84 allocated, 14.3%, 10650.00 reserved
count = 53000, dt = 0.2918350985090542, time = 17156.91599663892
mass =  tensor(101621.9432, device='cuda:0')
6515.93 allocated, 14.3%, 10650.00 reserved
count = 54000, dt = 0.31538279577784806, time = 17464.959540451768
mass =  tensor(101622.4693, device='cuda:0')
6515.93 allocated, 14.3%, 10650.00 reserved
count = 55000, dt = 0.31529521531667654, time = 17776.496520046498
mass =  tensor(101623.0157, device='cuda:0')
6516.84 allocated, 14.3%, 10650.00 reserved
count = 56000, dt = 0.31402494156703736, time = 18089.25437718584
mass =  tensor(101623.5487, device='cuda:0')
6515.93 allocated, 14.3%, 10650.00 reserved
count = 57000, dt = 0.31566809265038287, time = 18404.90096838807
mass =  tensor(101624.0807, device='cuda:0')
6515.93 allocated, 14.3%, 10650.00 reserved
count = 58000, dt = 0.3108155634812631, time = 18721.56850713893
mass =  tensor(101624.6546, device='cuda:0')
6516.84 allocated, 14.3%, 10650.00 reserved
count = 59000, dt = 0.30560319015092985, time = 19025.881851222857
mass =  tensor(101625.1542, device='cuda:0')
6515.93 allocated, 14.3%, 10650.00 reserved
count = 60000, dt = 0.3143013478152398, time = 19340.949356901394
mass =  tensor(101625.6647, device='cuda:0')
6515.93 allocated, 14.3%, 10650.00 reserved
count = 61000, dt = 0.31811939073316114, time = 19650.88246961017
mass =  tensor(101626.2020, device='cuda:0')
6516.84 allocated, 14.3%, 10650.00 reserved
count = 62000, dt = 0.312859962299805, time = 19958.27305652618
mass =  tensor(101626.7235, device='cuda:0')
6515.93 allocated, 14.3%, 10650.00 reserved
count = 63000, dt = 0.3149243644205474, time = 20269.65459128539
mass =  tensor(101627.2587, device='cuda:0')
6515.93 allocated, 14.3%, 10650.00 reserved
count = 64000, dt = 0.30796391836982734, time = 20572.245640792866
mass =  tensor(101627.7735, device='cuda:0')
6516.84 allocated, 14.3%, 10650.00 reserved
count = 65000, dt = 0.3143635105772873, time = 20883.21702601878
mass =  tensor(101628.3209, device='cuda:0')
6515.93 allocated, 14.3%, 10650.00 reserved
count = 66000, dt = 0.3183716651458861, time = 21193.337416924303
mass =  tensor(101628.8506, device='cuda:0')
6515.93 allocated, 14.3%, 10650.00 reserved
count = 67000, dt = 0.30698153893557806, time = 21502.351447985264
mass =  tensor(101629.3838, device='cuda:0')
6516.84 allocated, 14.3%, 10650.00 reserved
count = 68000, dt = 0.2990938347296518, time = 21813.11000706972
mass =  tensor(101629.9483, device='cuda:0')
6515.93 allocated, 14.3%, 10650.00 reserved
count = 69000, dt = 0.2974413958910359, time = 22121.463133691417
mass =  tensor(101630.4947, device='cuda:0')
6515.93 allocated, 14.3%, 10650.00 reserved
count = 70000, dt = 0.31085926429229843, time = 22427.72508970491
mass =  tensor(101631.0158, device='cuda:0')
6516.84 allocated, 14.3%, 10650.00 reserved
count = 71000, dt = 0.31442105860607716, time = 22735.767561355624
mass =  tensor(101631.5353, device='cuda:0')
6515.93 allocated, 14.3%, 10650.00 reserved
count = 72000, dt = 0.3087291550460442, time = 23044.30002802229
mass =  tensor(101632.0728, device='cuda:0')
6515.93 allocated, 14.3%, 10650.00 reserved
count = 73000, dt = 0.311306052838861, time = 23354.290953231233
mass =  tensor(101632.5991, device='cuda:0')
6516.84 allocated, 14.3%, 10650.00 reserved
count = 74000, dt = 0.31155275936690746, time = 23665.1249950094
mass =  tensor(101633.1547, device='cuda:0')
6515.93 allocated, 14.3%, 10650.00 reserved
count = 75000, dt = 0.30543067568053034, time = 23976.457584573218
mass =  tensor(101633.6950, device='cuda:0')
6515.93 allocated, 14.3%, 10650.00 reserved
count = 76000, dt = 0.31813917507970074, time = 24287.113152225913
mass =  tensor(101634.2537, device='cuda:0')
6516.84 allocated, 14.3%, 10650.00 reserved
count = 77000, dt = 0.30518573169293217, time = 24595.881250903512
mass =  tensor(101634.8254, device='cuda:0')
6515.93 allocated, 14.3%, 10650.00 reserved
count = 78000, dt = 0.3037881393438015, time = 24893.571799000812
mass =  tensor(101635.3545, device='cuda:0')
6515.93 allocated, 14.3%, 10650.00 reserved
count = 79000, dt = 0.3088663278485203, time = 25202.053976981682
mass =  tensor(101635.9335, device='cuda:0')
6516.84 allocated, 14.3%, 10650.00 reserved
count = 80000, dt = 0.3071723064828752, time = 25509.779828700524
mass =  tensor(101636.5129, device='cuda:0')
6515.93 allocated, 14.3%, 10650.00 reserved
count = 81000, dt = 0.29236815738539823, time = 25810.144076689277
mass =  tensor(101637.0169, device='cuda:0')
6515.93 allocated, 14.3%, 10650.00 reserved
count = 82000, dt = 0.28888646085001635, time = 26097.37948190852
mass =  tensor(101637.4143, device='cuda:0')
6516.84 allocated, 14.3%, 10650.00 reserved
count = 83000, dt = 0.2737666484735523, time = 26382.98417913969
mass =  tensor(101637.7774, device='cuda:0')
6515.93 allocated, 14.3%, 10650.00 reserved
count = 84000, dt = 0.2872046132531654, time = 26666.133269589354
mass =  tensor(101638.1393, device='cuda:0')
6515.93 allocated, 14.3%, 10650.00 reserved
count = 85000, dt = 0.27032216636412026, time = 26948.187826904978
mass =  tensor(101638.4850, device='cuda:0')
6516.84 allocated, 14.3%, 10650.00 reserved
count = 86000, dt = 0.296159882815017, time = 27236.90809401764
mass =  tensor(101638.8633, device='cuda:0')
6515.93 allocated, 14.3%, 10650.00 reserved
count = 87000, dt = 0.2897788410646134, time = 27534.66250987073
mass =  tensor(101639.2857, device='cuda:0')
6515.93 allocated, 14.3%, 10650.00 reserved
count = 88000, dt = 0.2977894601304957, time = 27825.225606680593
mass =  tensor(101639.6608, device='cuda:0')
6516.84 allocated, 14.3%, 10650.00 reserved
count = 89000, dt = 0.2954658024228262, time = 28120.68751020182
mass =  tensor(101640.0882, device='cuda:0')
6515.93 allocated, 14.3%, 10650.00 reserved
count = 90000, dt = 0.2950786959122178, time = 28414.130577806533
mass =  tensor(101640.5171, device='cuda:0')
6515.93 allocated, 14.3%, 10650.00 reserved
count = 91000, dt = 0.28493913466299586, time = 28701.455480295434
mass =  tensor(101640.9002, device='cuda:0')
6516.84 allocated, 14.3%, 10650.00 reserved
elapsed time =  119987.23913192749
