Working directory is /home/maychris/Mars_Dust/Mars-Dust-Modelling
Running on hosts gl1517
Running on hosts gl1517
Running job convection
Running on 1 nodes
Running on processors
Time submitted: Mon Nov 10 17:35:31 EST 2025
Reading input file: convection_D_3D.yaml
Continuing from convection_D_3D.out2.00080.nc
80
count = 0, dt = 0.28211998363304025, time = 24201.986328125
mass =  tensor(101487.1779, device='cuda:0')
6040.84 allocated, 13.3%, 7340.00 reserved
count = 1000, dt = 0.28257100745779196, time = 24481.733279160668
mass =  tensor(101486.4434, device='cuda:0')
6524.06 allocated, 14.3%, 31358.00 reserved
count = 2000, dt = 0.27703991417716006, time = 24762.112071485124
mass =  tensor(101485.4825, device='cuda:0')
6524.97 allocated, 14.3%, 31358.00 reserved
count = 3000, dt = 0.2813644655289412, time = 25040.91438360935
mass =  tensor(101484.4950, device='cuda:0')
6524.06 allocated, 14.3%, 31358.00 reserved
count = 4000, dt = 0.27365743344404253, time = 25320.13954451111
mass =  tensor(101483.5855, device='cuda:0')
6524.97 allocated, 14.3%, 31358.00 reserved
count = 5000, dt = 0.27302317822437694, time = 25592.975800457447
mass =  tensor(101482.3928, device='cuda:0')
6524.06 allocated, 14.3%, 31358.00 reserved
count = 6000, dt = 0.27783173739782796, time = 25867.513541009375
mass =  tensor(101481.4357, device='cuda:0')
6524.97 allocated, 14.3%, 31358.00 reserved
count = 7000, dt = 0.2711764328122304, time = 26141.8777237534
mass =  tensor(101480.6657, device='cuda:0')
6524.06 allocated, 14.3%, 31358.00 reserved
count = 8000, dt = 0.26680337662867887, time = 26413.666992542356
mass =  tensor(101479.9690, device='cuda:0')
6524.97 allocated, 14.3%, 31358.00 reserved
count = 9000, dt = 0.2761455432655654, time = 26688.608828644046
mass =  tensor(101479.4159, device='cuda:0')
6524.06 allocated, 14.3%, 31358.00 reserved
count = 10000, dt = 0.2806249287248605, time = 26966.010606022704
mass =  tensor(101478.9261, device='cuda:0')
6524.97 allocated, 14.3%, 31358.00 reserved
count = 11000, dt = 0.276170516488641, time = 27242.73695034684
mass =  tensor(101478.3355, device='cuda:0')
6524.06 allocated, 14.3%, 31358.00 reserved
count = 12000, dt = 0.2731079393774809, time = 27518.63562566236
mass =  tensor(101477.7804, device='cuda:0')
6524.97 allocated, 14.3%, 31358.00 reserved
count = 13000, dt = 0.275551300638527, time = 27791.21854276265
mass =  tensor(101477.0829, device='cuda:0')
6524.06 allocated, 14.3%, 31358.00 reserved
count = 14000, dt = 0.2736231418437897, time = 28063.371291052365
mass =  tensor(101476.5581, device='cuda:0')
6524.97 allocated, 14.3%, 31358.00 reserved
count = 15000, dt = 0.27533045794569844, time = 28335.39055971393
mass =  tensor(101476.3847, device='cuda:0')
6524.06 allocated, 14.3%, 31358.00 reserved
count = 16000, dt = 0.2806510087330087, time = 28612.22509472445
mass =  tensor(101476.1199, device='cuda:0')
6524.97 allocated, 14.3%, 31358.00 reserved
count = 17000, dt = 0.27913262087189294, time = 28891.2747798454
mass =  tensor(101475.6999, device='cuda:0')
6524.06 allocated, 14.3%, 31358.00 reserved
count = 18000, dt = 0.27830333312357636, time = 29168.425135334586
mass =  tensor(101475.2209, device='cuda:0')
6524.97 allocated, 14.3%, 31358.00 reserved
count = 19000, dt = 0.27593321443115876, time = 29445.019523546955
mass =  tensor(101474.9885, device='cuda:0')
6524.06 allocated, 14.3%, 31358.00 reserved
count = 20000, dt = 0.2763220536822917, time = 29719.280579878927
mass =  tensor(101474.6070, device='cuda:0')
6524.97 allocated, 14.3%, 31358.00 reserved
count = 21000, dt = 0.27880709543397353, time = 29996.086521807705
mass =  tensor(101474.0902, device='cuda:0')
6524.06 allocated, 14.3%, 31358.00 reserved
count = 22000, dt = 0.27395730258309237, time = 30274.735066236088
mass =  tensor(101473.5842, device='cuda:0')
6524.97 allocated, 14.3%, 31358.00 reserved
count = 23000, dt = 0.27720331568498774, time = 30552.11043908754
mass =  tensor(101473.1616, device='cuda:0')
6524.06 allocated, 14.3%, 31358.00 reserved
count = 24000, dt = 0.2720086983578677, time = 30826.76808963979
mass =  tensor(101472.9039, device='cuda:0')
6524.97 allocated, 14.3%, 31358.00 reserved
count = 25000, dt = 0.28122289682803686, time = 31101.50325321931
mass =  tensor(101472.6868, device='cuda:0')
6524.06 allocated, 14.3%, 31358.00 reserved
count = 26000, dt = 0.27661682690296363, time = 31379.539018969594
mass =  tensor(101472.6307, device='cuda:0')
6524.97 allocated, 14.3%, 31358.00 reserved
count = 27000, dt = 0.27694388441624224, time = 31657.297452992196
mass =  tensor(101472.2802, device='cuda:0')
6524.06 allocated, 14.3%, 31358.00 reserved
count = 28000, dt = 0.2777091573239837, time = 31932.62468374477
mass =  tensor(101471.8023, device='cuda:0')
6524.97 allocated, 14.3%, 31358.00 reserved
count = 29000, dt = 0.2714302478142664, time = 32203.650368258463
mass =  tensor(101471.2344, device='cuda:0')
6524.06 allocated, 14.3%, 31358.00 reserved
count = 30000, dt = 0.2796422839198932, time = 32481.121432917655
mass =  tensor(101470.5858, device='cuda:0')
6524.97 allocated, 14.3%, 31358.00 reserved
count = 31000, dt = 0.2759976723761223, time = 32759.522629175313
mass =  tensor(101469.9642, device='cuda:0')
6524.06 allocated, 14.3%, 31358.00 reserved
count = 32000, dt = 0.2732861274468562, time = 33030.82981771908
mass =  tensor(101469.5746, device='cuda:0')
6524.97 allocated, 14.3%, 31358.00 reserved
count = 33000, dt = 0.273336586784817, time = 33306.07245045857
mass =  tensor(101469.1479, device='cuda:0')
6524.06 allocated, 14.3%, 31358.00 reserved
count = 34000, dt = 0.27776186491087645, time = 33585.31342338948
mass =  tensor(101468.5276, device='cuda:0')
6524.97 allocated, 14.3%, 31358.00 reserved
count = 35000, dt = 0.27561521216701784, time = 33861.1070466912
mass =  tensor(101467.8497, device='cuda:0')
6524.06 allocated, 14.3%, 31358.00 reserved
count = 36000, dt = 0.2696106613846211, time = 34138.3623782062
mass =  tensor(101467.1652, device='cuda:0')
6524.97 allocated, 14.3%, 31358.00 reserved
count = 37000, dt = 0.27969933661840995, time = 34414.356408407795
mass =  tensor(101466.4689, device='cuda:0')
6524.06 allocated, 14.3%, 31358.00 reserved
count = 38000, dt = 0.2756086735154174, time = 34691.22589064738
mass =  tensor(101465.8631, device='cuda:0')
6524.97 allocated, 14.3%, 31358.00 reserved
count = 39000, dt = 0.2796954198526569, time = 34966.58029325747
mass =  tensor(101465.4552, device='cuda:0')
6524.06 allocated, 14.3%, 31358.00 reserved
count = 40000, dt = 0.2782842203552456, time = 35236.402847132624
mass =  tensor(101464.9866, device='cuda:0')
6524.97 allocated, 14.3%, 31358.00 reserved
count = 41000, dt = 0.27787982132399885, time = 35514.3594629087
mass =  tensor(101464.5142, device='cuda:0')
6524.06 allocated, 14.3%, 31358.00 reserved
count = 42000, dt = 0.26999383579174774, time = 35794.362578616594
mass =  tensor(101463.9243, device='cuda:0')
6524.97 allocated, 14.3%, 31358.00 reserved
count = 43000, dt = 0.27278030017762994, time = 36072.22140003876
mass =  tensor(101463.3558, device='cuda:0')
6524.06 allocated, 14.3%, 31358.00 reserved
count = 44000, dt = 0.2788920675848652, time = 36348.06273116718
mass =  tensor(101462.7667, device='cuda:0')
6524.97 allocated, 14.3%, 31358.00 reserved
count = 45000, dt = 0.2751613172585644, time = 36623.08947135902
mass =  tensor(101462.2816, device='cuda:0')
6524.06 allocated, 14.3%, 31358.00 reserved
count = 46000, dt = 0.27264946388845074, time = 36896.9695173972
mass =  tensor(101461.7895, device='cuda:0')
6524.97 allocated, 14.3%, 31358.00 reserved
count = 47000, dt = 0.27929696579339003, time = 37172.48561020305
mass =  tensor(101461.3741, device='cuda:0')
6524.06 allocated, 14.3%, 31358.00 reserved
count = 48000, dt = 0.277064044782077, time = 37448.88318859123
mass =  tensor(101461.0644, device='cuda:0')
6524.97 allocated, 14.3%, 31358.00 reserved
count = 49000, dt = 0.2796889613707621, time = 37725.622187185785
mass =  tensor(101460.7087, device='cuda:0')
6524.06 allocated, 14.3%, 31358.00 reserved
count = 50000, dt = 0.2823443567060345, time = 38004.751378507564
mass =  tensor(101460.1640, device='cuda:0')
6524.97 allocated, 14.3%, 31358.00 reserved
count = 51000, dt = 0.28176606006611143, time = 38282.4725583678
mass =  tensor(101459.6327, device='cuda:0')
6524.06 allocated, 14.3%, 31358.00 reserved
count = 52000, dt = 0.2811190745008741, time = 38564.72919019122
mass =  tensor(101459.0998, device='cuda:0')
6524.97 allocated, 14.3%, 31358.00 reserved
count = 53000, dt = 0.2771092188592652, time = 38842.5910935519
mass =  tensor(101458.5342, device='cuda:0')
6524.06 allocated, 14.3%, 31358.00 reserved
count = 54000, dt = 0.2809532121546548, time = 39122.189974193425
mass =  tensor(101457.9628, device='cuda:0')
6524.97 allocated, 14.3%, 31358.00 reserved
count = 55000, dt = 0.2801225318311247, time = 39399.684722139624
mass =  tensor(101457.2127, device='cuda:0')
6524.06 allocated, 14.3%, 31358.00 reserved
count = 56000, dt = 0.2700565268911675, time = 39674.16611784142
mass =  tensor(101456.3639, device='cuda:0')
6524.97 allocated, 14.3%, 31358.00 reserved
count = 57000, dt = 0.2783666676280785, time = 39948.213978608226
mass =  tensor(101455.5970, device='cuda:0')
6524.06 allocated, 14.3%, 31358.00 reserved
count = 58000, dt = 0.2773920284870678, time = 40225.09326182016
mass =  tensor(101454.9158, device='cuda:0')
6524.97 allocated, 14.3%, 31358.00 reserved
count = 59000, dt = 0.2792450034494177, time = 40504.66487854353
mass =  tensor(101454.4096, device='cuda:0')
6524.06 allocated, 14.3%, 31358.00 reserved
count = 60000, dt = 0.26982349165407055, time = 40782.64449072085
mass =  tensor(101453.7678, device='cuda:0')
6524.97 allocated, 14.3%, 31358.00 reserved
count = 61000, dt = 0.27309705965572845, time = 41057.128954309526
mass =  tensor(101453.1954, device='cuda:0')
6524.06 allocated, 14.3%, 31358.00 reserved
count = 62000, dt = 0.27925654240428915, time = 41333.212617048295
mass =  tensor(101452.6465, device='cuda:0')
6524.97 allocated, 14.3%, 31358.00 reserved
count = 63000, dt = 0.28108115733062283, time = 41608.788165670245
mass =  tensor(101452.0139, device='cuda:0')
6524.06 allocated, 14.3%, 31358.00 reserved
count = 64000, dt = 0.28411049731865357, time = 41887.44154343393
mass =  tensor(101451.4545, device='cuda:0')
6524.97 allocated, 14.3%, 31358.00 reserved
count = 65000, dt = 0.27493886726620737, time = 42167.3326750853
mass =  tensor(101450.9221, device='cuda:0')
6524.06 allocated, 14.3%, 31358.00 reserved
count = 66000, dt = 0.27503365976926986, time = 42444.936335601466
mass =  tensor(101450.5203, device='cuda:0')
6524.97 allocated, 14.3%, 31358.00 reserved
count = 67000, dt = 0.273717759338807, time = 42723.68672048226
mass =  tensor(101449.9252, device='cuda:0')
6524.06 allocated, 14.3%, 31358.00 reserved
count = 68000, dt = 0.268063693347089, time = 42997.15993626615
mass =  tensor(101449.2322, device='cuda:0')
6524.97 allocated, 14.3%, 31358.00 reserved
count = 69000, dt = 0.274953259051718, time = 43275.503541683865
mass =  tensor(101448.5516, device='cuda:0')
6524.06 allocated, 14.3%, 31358.00 reserved
count = 70000, dt = 0.2750900107758419, time = 43548.37430041133
mass =  tensor(101447.7923, device='cuda:0')
6524.97 allocated, 14.3%, 31358.00 reserved
count = 71000, dt = 0.2709805922161208, time = 43824.649874749615
mass =  tensor(101447.1988, device='cuda:0')
6524.06 allocated, 14.3%, 31358.00 reserved
count = 72000, dt = 0.2765838473840625, time = 44098.07215334782
mass =  tensor(101446.5970, device='cuda:0')
6524.97 allocated, 14.3%, 31358.00 reserved
count = 73000, dt = 0.28191308046733654, time = 44373.76116319665
mass =  tensor(101445.8832, device='cuda:0')
6524.06 allocated, 14.3%, 31358.00 reserved
count = 74000, dt = 0.27413856673779174, time = 44649.783578221206
mass =  tensor(101445.1118, device='cuda:0')
6524.97 allocated, 14.3%, 31358.00 reserved
count = 75000, dt = 0.2774819745743257, time = 44927.35965354755
mass =  tensor(101444.4658, device='cuda:0')
6524.06 allocated, 14.3%, 31358.00 reserved
count = 76000, dt = 0.27122391121891287, time = 45199.73758141411
mass =  tensor(101443.6525, device='cuda:0')
6524.97 allocated, 14.3%, 31358.00 reserved
count = 77000, dt = 0.2732521348766149, time = 45472.558919950556
mass =  tensor(101443.2992, device='cuda:0')
6524.06 allocated, 14.3%, 31358.00 reserved
count = 78000, dt = 0.27602327164680807, time = 45748.66149299559
mass =  tensor(101443.0010, device='cuda:0')
6524.97 allocated, 14.3%, 31358.00 reserved
count = 79000, dt = 0.27777191527565914, time = 46027.599028632125
mass =  tensor(101442.5533, device='cuda:0')
6524.06 allocated, 14.3%, 31358.00 reserved
count = 80000, dt = 0.27457204306612737, time = 46302.947049592054
mass =  tensor(101441.9957, device='cuda:0')
6524.97 allocated, 14.3%, 31358.00 reserved
count = 81000, dt = 0.2808756964194774, time = 46578.050537350064
mass =  tensor(101441.3960, device='cuda:0')
6524.06 allocated, 14.3%, 31358.00 reserved
count = 82000, dt = 0.2804893736427258, time = 46858.66950128425
mass =  tensor(101440.7950, device='cuda:0')
6524.97 allocated, 14.3%, 31358.00 reserved
count = 83000, dt = 0.2727534962113735, time = 47136.076906856906
mass =  tensor(101440.3247, device='cuda:0')
6524.06 allocated, 14.3%, 31358.00 reserved
count = 84000, dt = 0.272371496103109, time = 47410.91000170954
mass =  tensor(101439.7939, device='cuda:0')
6524.97 allocated, 14.3%, 31358.00 reserved
count = 85000, dt = 0.2789506461831108, time = 47687.26635465536
mass =  tensor(101439.3431, device='cuda:0')
6524.06 allocated, 14.3%, 31358.00 reserved
count = 86000, dt = 0.2780407485706573, time = 47965.01937365135
mass =  tensor(101438.6258, device='cuda:0')
6524.97 allocated, 14.3%, 31358.00 reserved
count = 87000, dt = 0.2687008970397496, time = 48238.222623240414
mass =  tensor(101437.9948, device='cuda:0')
6524.06 allocated, 14.3%, 31358.00 reserved
count = 88000, dt = 0.2740807174248754, time = 48512.47213223107
mass =  tensor(101437.5813, device='cuda:0')
6524.97 allocated, 14.3%, 31358.00 reserved
count = 89000, dt = 0.27387044003135286, time = 48786.22710099219
mass =  tensor(101437.2020, device='cuda:0')
6524.06 allocated, 14.3%, 31358.00 reserved
count = 90000, dt = 0.27311980408045655, time = 49058.58453789497
mass =  tensor(101436.9171, device='cuda:0')
6524.97 allocated, 14.3%, 31358.00 reserved
count = 91000, dt = 0.27233945239988516, time = 49329.11180266681
mass =  tensor(101436.5430, device='cuda:0')
6524.06 allocated, 14.3%, 31358.00 reserved
count = 92000, dt = 0.27670865396625943, time = 49603.24000944944
mass =  tensor(101436.0556, device='cuda:0')
6524.97 allocated, 14.3%, 31358.00 reserved
count = 93000, dt = 0.2775750041876297, time = 49878.281206404805
mass =  tensor(101435.5078, device='cuda:0')
6524.06 allocated, 14.3%, 31358.00 reserved
count = 94000, dt = 0.27231502597087515, time = 50153.8831279248
mass =  tensor(101434.9368, device='cuda:0')
6524.97 allocated, 14.3%, 31358.00 reserved
count = 95000, dt = 0.27222237182641823, time = 50427.11729214887
mass =  tensor(101434.4575, device='cuda:0')
6524.06 allocated, 14.3%, 31358.00 reserved
count = 96000, dt = 0.27585152506966404, time = 50697.84725218445
mass =  tensor(101434.0308, device='cuda:0')
6524.97 allocated, 14.3%, 31358.00 reserved
count = 97000, dt = 0.2749139913852561, time = 50975.566386398365
mass =  tensor(101433.9430, device='cuda:0')
6524.06 allocated, 14.3%, 31358.00 reserved
count = 98000, dt = 0.2795507438063937, time = 51252.85109630177
mass =  tensor(101433.5506, device='cuda:0')
6524.97 allocated, 14.3%, 31358.00 reserved
count = 99000, dt = 0.2718708919210964, time = 51531.75806003779
mass =  tensor(101433.1697, device='cuda:0')
6524.06 allocated, 14.3%, 31358.00 reserved
count = 100000, dt = 0.28062704334330685, time = 51811.48871181627
mass =  tensor(101432.7457, device='cuda:0')
6524.97 allocated, 14.3%, 31358.00 reserved
count = 101000, dt = 0.28073680824066605, time = 52091.32943379602
mass =  tensor(101432.0612, device='cuda:0')
6524.06 allocated, 14.3%, 31358.00 reserved
count = 102000, dt = 0.2775125192814651, time = 52369.42603582328
mass =  tensor(101431.4179, device='cuda:0')
6524.97 allocated, 14.3%, 31358.00 reserved
