Reading input file: convection_C_3D.yaml
count = 0, dt = 1.1488562446504442, time = 0.0
mass =  tensor(30100.9655, device='cuda:0')
count = 1000, dt = 1.083223666828917, time = 1115.4649680696614
mass =  tensor(30104.0312, device='cuda:0')
count = 2000, dt = 0.971194687603003, time = 2148.6596139637068
mass =  tensor(30104.1573, device='cuda:0')
count = 3000, dt = 1.0055371297816522, time = 3123.799854593928
mass =  tensor(30105.5728, device='cuda:0')
count = 4000, dt = 1.0331254617594636, time = 4151.666450784483
mass =  tensor(30106.4522, device='cuda:0')
count = 5000, dt = 1.0262539895597105, time = 5180.375568516177
mass =  tensor(30108.8291, device='cuda:0')
count = 6000, dt = 1.0055158846796644, time = 6195.0453829443495
mass =  tensor(30110.5842, device='cuda:0')
count = 7000, dt = 0.991789876933272, time = 7208.193541325805
mass =  tensor(30112.5227, device='cuda:0')
count = 8000, dt = 1.0094165658713588, time = 8217.583366023942
mass =  tensor(30114.3370, device='cuda:0')
count = 9000, dt = 0.9704613909728234, time = 9212.621972701514
mass =  tensor(30115.8871, device='cuda:0')
count = 10000, dt = 0.9844147496226968, time = 10192.112727133825
mass =  tensor(30116.5876, device='cuda:0')
count = 11000, dt = 0.9930361714913524, time = 11167.689259531071
mass =  tensor(30116.9819, device='cuda:0')
count = 12000, dt = 0.9702455243980835, time = 12137.476338057637
mass =  tensor(30117.4927, device='cuda:0')
count = 13000, dt = 0.9401183522706941, time = 13088.041326941693
mass =  tensor(30118.1825, device='cuda:0')
count = 14000, dt = 0.927183432068245, time = 14012.79312350352
mass =  tensor(30119.3433, device='cuda:0')
count = 15000, dt = 0.9241999834329198, time = 14931.015851056092
mass =  tensor(30120.5075, device='cuda:0')
count = 16000, dt = 0.9069664744023914, time = 15830.853200098383
mass =  tensor(30122.0959, device='cuda:0')
count = 17000, dt = 0.910899105913066, time = 16736.001842370428
mass =  tensor(30123.7205, device='cuda:0')
count = 18000, dt = 0.9049142294319037, time = 17634.639184931493
mass =  tensor(30125.3256, device='cuda:0')
count = 19000, dt = 0.8882965835379357, time = 18512.884136224875
mass =  tensor(30126.9031, device='cuda:0')
count = 20000, dt = 0.9107222417886186, time = 19401.283315642573
mass =  tensor(30128.5145, device='cuda:0')
count = 21000, dt = 0.8798043884612952, time = 20294.31156424979
mass =  tensor(30129.9852, device='cuda:0')
count = 22000, dt = 0.8841085740226929, time = 21165.54812578588
mass =  tensor(30131.7084, device='cuda:0')
count = 23000, dt = 0.8973122506078908, time = 22048.782256431514
mass =  tensor(30133.4787, device='cuda:0')
count = 24000, dt = 0.8986408642946508, time = 22931.193072538692
mass =  tensor(30135.3005, device='cuda:0')
count = 25000, dt = 0.8709076868683275, time = 23824.36353929906
mass =  tensor(30136.9621, device='cuda:0')
count = 26000, dt = 0.9090641163930546, time = 24717.32952170139
mass =  tensor(30138.7937, device='cuda:0')
count = 27000, dt = 0.8896142173084031, time = 25603.14285113326
mass =  tensor(30140.3312, device='cuda:0')
count = 28000, dt = 0.8814147457815964, time = 26494.639783194667
mass =  tensor(30142.0850, device='cuda:0')
count = 29000, dt = 0.8778847965863994, time = 27356.68331619163
mass =  tensor(30143.6054, device='cuda:0')
count = 30000, dt = 0.9099229684512921, time = 28249.448545532436
mass =  tensor(30145.3257, device='cuda:0')
elapsed time =  40273.97753596306
Working directory is /home/maychris/Mars_Dust/Mars-Dust-Modelling
Running on hosts gl1507
Running on hosts gl1507
Running job convection
Running on 1 nodes
Running on processors
Time submitted: Sat Oct 18 09:41:49 EDT 2025
