Reading input file: convection_D.yaml
count = 0, dt = 0.5744281223252221, time = 0.0
mass =  tensor(470.3369, device='cuda:0')
count = 1000, dt = 0.541921230825495, time = 557.8316464939678
mass =  tensor(470.3596, device='cuda:0')
count = 2000, dt = 0.5023047171736862, time = 1083.2774070270805
mass =  tensor(470.4145, device='cuda:0')
count = 3000, dt = 0.4716212644806909, time = 1571.6640307812836
mass =  tensor(470.4143, device='cuda:0')
count = 4000, dt = 0.4874427312110527, time = 2034.1792130158553
mass =  tensor(470.4068, device='cuda:0')
count = 5000, dt = 0.4851616580267844, time = 2537.06940935088
mass =  tensor(470.3883, device='cuda:0')
count = 6000, dt = 0.4919772477961117, time = 3023.6856682482357
mass =  tensor(470.3630, device='cuda:0')
count = 7000, dt = 0.503921208802733, time = 3522.046984318275
mass =  tensor(470.3308, device='cuda:0')
count = 8000, dt = 0.4932374064046248, time = 4024.9783619362397
mass =  tensor(470.3072, device='cuda:0')
count = 9000, dt = 0.5033642180683499, time = 4514.8681151773535
mass =  tensor(470.2761, device='cuda:0')
count = 10000, dt = 0.47307753186626217, time = 5001.488864913291
mass =  tensor(470.2457, device='cuda:0')
count = 11000, dt = 0.48667482803045936, time = 5481.404490561469
mass =  tensor(470.2015, device='cuda:0')
count = 12000, dt = 0.4952072138285155, time = 5959.146858073555
mass =  tensor(470.1638, device='cuda:0')
count = 13000, dt = 0.46099219287724885, time = 6441.019329708645
mass =  tensor(470.1200, device='cuda:0')
count = 14000, dt = 0.494176879451612, time = 6922.157002410823
mass =  tensor(470.0853, device='cuda:0')
count = 15000, dt = 0.48594979226437723, time = 7405.477317037468
mass =  tensor(470.0473, device='cuda:0')
count = 16000, dt = 0.4119704970251444, time = 7865.72519878266
mass =  tensor(470.0122, device='cuda:0')
count = 17000, dt = 0.44535780314931134, time = 8303.106207365689
mass =  tensor(469.9800, device='cuda:0')
count = 18000, dt = 0.45976962242854974, time = 8759.67465737161
mass =  tensor(469.9430, device='cuda:0')
count = 19000, dt = 0.4224209057198872, time = 9211.955136252456
mass =  tensor(469.9015, device='cuda:0')
count = 20000, dt = 0.4406193005549555, time = 9651.15480837325
mass =  tensor(469.8727, device='cuda:0')
count = 21000, dt = 0.4277720118208843, time = 10093.64869732986
mass =  tensor(469.8361, device='cuda:0')
count = 22000, dt = 0.41324300939689856, time = 10516.543568356086
mass =  tensor(469.7901, device='cuda:0')
count = 23000, dt = 0.39022866688053365, time = 10899.634372036928
mass =  tensor(469.7647, device='cuda:0')
count = 24000, dt = 0.38157605652335475, time = 11288.731052273935
mass =  tensor(469.7338, device='cuda:0')
count = 25000, dt = 0.40181540609720284, time = 11688.458287100724
mass =  tensor(469.7032, device='cuda:0')
count = 26000, dt = 0.3999102396438111, time = 12086.88903204845
mass =  tensor(469.6662, device='cuda:0')
count = 27000, dt = 0.3685275947717824, time = 12479.003687024197
mass =  tensor(469.6289, device='cuda:0')
count = 28000, dt = 0.39700021197788526, time = 12860.367147292782
mass =  tensor(469.5868, device='cuda:0')
count = 29000, dt = 0.3861478607747755, time = 13245.457062688007
mass =  tensor(469.5494, device='cuda:0')
count = 30000, dt = 0.36037571010871056, time = 13618.547292475727
mass =  tensor(469.5282, device='cuda:0')
count = 31000, dt = 0.34839774945081714, time = 13984.714622410409
mass =  tensor(469.4928, device='cuda:0')
count = 32000, dt = 0.35795814412817256, time = 14349.123365739906
mass =  tensor(469.4819, device='cuda:0')
count = 33000, dt = 0.3598032295589273, time = 14707.114265272756
mass =  tensor(469.4463, device='cuda:0')
count = 34000, dt = 0.3525261093146051, time = 15074.384157924467
mass =  tensor(469.4234, device='cuda:0')
count = 35000, dt = 0.37310329788226976, time = 15445.920274245094
mass =  tensor(469.3950, device='cuda:0')
count = 36000, dt = 0.3758104068407137, time = 15818.375856072167
mass =  tensor(469.3712, device='cuda:0')
count = 37000, dt = 0.37645065612317063, time = 16199.684125326572
mass =  tensor(469.3381, device='cuda:0')
count = 38000, dt = 0.3484225305184109, time = 16563.733918434715
mass =  tensor(469.3212, device='cuda:0')
count = 39000, dt = 0.36498451829134787, time = 16913.71716809069
mass =  tensor(469.3178, device='cuda:0')
count = 40000, dt = 0.355154844120249, time = 17274.841869348285
mass =  tensor(469.3039, device='cuda:0')
count = 41000, dt = 0.36031358137034997, time = 17633.65291820931
mass =  tensor(469.2669, device='cuda:0')
count = 42000, dt = 0.33105682488281357, time = 17988.060997370518
mass =  tensor(469.2634, device='cuda:0')
count = 43000, dt = 0.32804527936214806, time = 18322.75893843851
mass =  tensor(469.2710, device='cuda:0')
count = 44000, dt = 0.3519094453003555, time = 18666.85680188977
mass =  tensor(469.2816, device='cuda:0')
count = 45000, dt = 0.34322312497730323, time = 19014.856247687403
mass =  tensor(469.2824, device='cuda:0')
count = 46000, dt = 0.3410033057117384, time = 19351.896487637954
mass =  tensor(469.2261, device='cuda:0')
count = 47000, dt = 0.33454635676770644, time = 19679.966328650735
mass =  tensor(469.1492, device='cuda:0')
count = 48000, dt = 0.3548737265635939, time = 20020.83696338202
mass =  tensor(469.1016, device='cuda:0')
count = 49000, dt = 0.33881414927313636, time = 20371.578444208546
mass =  tensor(469.0792, device='cuda:0')
count = 50000, dt = 0.30940274051404915, time = 20681.76112643769
mass =  tensor(469.0459, device='cuda:0')
count = 51000, dt = 0.3351591207601014, time = 21000.221861450344
mass =  tensor(469.0430, device='cuda:0')
count = 52000, dt = 0.3550078257969762, time = 21340.49998330868
mass =  tensor(469.0679, device='cuda:0')
count = 53000, dt = 0.334877044899871, time = 21687.12198014141
mass =  tensor(469.0685, device='cuda:0')
count = 54000, dt = 0.33169289264903534, time = 22029.331346682546
mass =  tensor(469.0191, device='cuda:0')
count = 55000, dt = 0.3322429111537711, time = 22360.75520983232
mass =  tensor(469.0016, device='cuda:0')
count = 56000, dt = 0.3026578242208719, time = 22676.904458113746
mass =  tensor(468.9752, device='cuda:0')
count = 57000, dt = 0.31088278637496447, time = 22987.51830637171
mass =  tensor(468.9611, device='cuda:0')
count = 58000, dt = 0.3096458164907008, time = 23294.488063278044
mass =  tensor(468.9649, device='cuda:0')
count = 59000, dt = 0.32279672553812255, time = 23611.1060228031
mass =  tensor(468.9597, device='cuda:0')
count = 60000, dt = 0.3236300645416346, time = 23931.844953798438
mass =  tensor(468.9618, device='cuda:0')
count = 61000, dt = 0.31123629224318194, time = 24252.30385270387
mass =  tensor(468.9578, device='cuda:0')
count = 62000, dt = 0.3109736618228474, time = 24567.964567965697
mass =  tensor(468.9559, device='cuda:0')
count = 63000, dt = 0.32045531268495614, time = 24885.778959909083
mass =  tensor(468.9549, device='cuda:0')
count = 64000, dt = 0.31520834143532367, time = 25201.70345701807
mass =  tensor(468.9536, device='cuda:0')
count = 65000, dt = 0.31676875139207245, time = 25518.73229261692
mass =  tensor(468.9486, device='cuda:0')
count = 66000, dt = 0.3125681565471847, time = 25830.91056837967
mass =  tensor(468.9403, device='cuda:0')
count = 67000, dt = 0.3057286369882261, time = 26142.001129492237
mass =  tensor(468.9338, device='cuda:0')
count = 68000, dt = 0.30144425534550834, time = 26450.658533655474
mass =  tensor(468.9228, device='cuda:0')
count = 69000, dt = 0.29714489418239437, time = 26751.92671269
mass =  tensor(468.9178, device='cuda:0')
count = 70000, dt = 0.29750964785577444, time = 27052.15811896938
mass =  tensor(468.9134, device='cuda:0')
count = 71000, dt = 0.2933421390637978, time = 27348.33419863637
mass =  tensor(468.9094, device='cuda:0')
count = 72000, dt = 0.2971105333860557, time = 27643.695932459883
mass =  tensor(468.9042, device='cuda:0')
count = 73000, dt = 0.2939369188384224, time = 27936.135458081408
mass =  tensor(468.8983, device='cuda:0')
count = 74000, dt = 0.2913702445734988, time = 28226.74551562579
mass =  tensor(468.8947, device='cuda:0')
count = 75000, dt = 0.290889661317458, time = 28515.99684689773
mass =  tensor(468.8879, device='cuda:0')
count = 76000, dt = 0.2965446362939716, time = 28810.823508020498
mass =  tensor(468.8873, device='cuda:0')
count = 77000, dt = 0.2955643109773871, time = 29105.831039699482
mass =  tensor(468.8843, device='cuda:0')
count = 78000, dt = 0.29224108492391265, time = 29400.436211178865
mass =  tensor(468.8812, device='cuda:0')
count = 79000, dt = 0.29594013865745317, time = 29695.975138900674
mass =  tensor(468.8759, device='cuda:0')
count = 80000, dt = 0.29727376310454423, time = 29993.006282386894
mass =  tensor(468.8693, device='cuda:0')
count = 81000, dt = 0.29690441851351795, time = 30287.95846366996
mass =  tensor(468.8663, device='cuda:0')
count = 82000, dt = 0.2960049640953659, time = 30583.54248510208
mass =  tensor(468.8610, device='cuda:0')
count = 83000, dt = 0.2955531615928459, time = 30877.368677416747
mass =  tensor(468.8545, device='cuda:0')
count = 84000, dt = 0.29191768270690016, time = 31168.983824385195
mass =  tensor(468.8469, device='cuda:0')
count = 85000, dt = 0.28835229524397205, time = 31457.5674411361
mass =  tensor(468.8408, device='cuda:0')
count = 86000, dt = 0.2864599081041847, time = 31745.258032399033
mass =  tensor(468.8369, device='cuda:0')
count = 87000, dt = 0.280372063757951, time = 32029.482056643545
mass =  tensor(468.8325, device='cuda:0')
count = 88000, dt = 0.27925624219301576, time = 32313.521562742088
mass =  tensor(468.8301, device='cuda:0')
count = 89000, dt = 0.2818922632272963, time = 32597.237609810152
mass =  tensor(468.8285, device='cuda:0')
count = 90000, dt = 0.28792065345427775, time = 32879.81993841241
mass =  tensor(468.8283, device='cuda:0')
count = 91000, dt = 0.26834031291757277, time = 33158.793250467665
mass =  tensor(468.8254, device='cuda:0')
count = 92000, dt = 0.28044316039682554, time = 33437.318906129054
mass =  tensor(468.8241, device='cuda:0')
count = 93000, dt = 0.2801337537079213, time = 33721.50051482866
mass =  tensor(468.8232, device='cuda:0')
count = 94000, dt = 0.28195861513749154, time = 34006.05045711353
mass =  tensor(468.8199, device='cuda:0')
count = 95000, dt = 0.282309937893352, time = 34288.57875869688
mass =  tensor(468.8207, device='cuda:0')
count = 96000, dt = 0.2851121370373127, time = 34572.9800052434
mass =  tensor(468.8183, device='cuda:0')
count = 97000, dt = 0.281446084494289, time = 34859.179138497064
mass =  tensor(468.8138, device='cuda:0')
count = 98000, dt = 0.2819403836477068, time = 35141.74388576575
mass =  tensor(468.8099, device='cuda:0')
count = 99000, dt = 0.27950753541476814, time = 35424.88927401054
mass =  tensor(468.8089, device='cuda:0')
count = 100000, dt = 0.28144004223837, time = 35705.28579748149
mass =  tensor(468.8062, device='cuda:0')
count = 101000, dt = 0.27959329966288826, time = 35986.60989352683
mass =  tensor(468.8017, device='cuda:0')
count = 102000, dt = 0.28071492990154445, time = 36264.073311866545
mass =  tensor(468.8038, device='cuda:0')
count = 103000, dt = 0.2800993332596833, time = 36543.42516042781
mass =  tensor(468.8012, device='cuda:0')
count = 104000, dt = 0.2730907328297452, time = 36820.87130243879
mass =  tensor(468.8006, device='cuda:0')
count = 105000, dt = 0.2757019167142665, time = 37095.865932902045
mass =  tensor(468.8005, device='cuda:0')
count = 106000, dt = 0.27488335608293746, time = 37374.32445296461
mass =  tensor(468.8013, device='cuda:0')
count = 107000, dt = 0.27663694513754433, time = 37648.48450128573
mass =  tensor(468.7997, device='cuda:0')
count = 108000, dt = 0.2651802865073808, time = 37921.328837619316
mass =  tensor(468.7996, device='cuda:0')
count = 109000, dt = 0.2792174416647595, time = 38194.20311533457
mass =  tensor(468.7973, device='cuda:0')
count = 110000, dt = 0.272839827261748, time = 38470.68019336923
mass =  tensor(468.7968, device='cuda:0')
count = 111000, dt = 0.2720029648100029, time = 38744.90503474881
mass =  tensor(468.8003, device='cuda:0')
count = 112000, dt = 0.280583953929106, time = 39021.39749304438
mass =  tensor(468.7961, device='cuda:0')
count = 113000, dt = 0.2743485462420456, time = 39300.80447864217
mass =  tensor(468.7932, device='cuda:0')
count = 114000, dt = 0.2764761029157024, time = 39577.868500457094
mass =  tensor(468.7949, device='cuda:0')
count = 115000, dt = 0.27969645850175184, time = 39854.67740689736
mass =  tensor(468.7938, device='cuda:0')
count = 116000, dt = 0.2809380225716497, time = 40134.621440082126
mass =  tensor(468.7914, device='cuda:0')
count = 117000, dt = 0.27555746907634715, time = 40412.31168614684
mass =  tensor(468.7900, device='cuda:0')
count = 118000, dt = 0.2741240730685082, time = 40684.61164785595
mass =  tensor(468.7868, device='cuda:0')
count = 119000, dt = 0.27264516837401376, time = 40959.15483264865
mass =  tensor(468.7858, device='cuda:0')
count = 120000, dt = 0.2681363716574895, time = 41231.32191201982
mass =  tensor(468.7849, device='cuda:0')
count = 121000, dt = 0.26585749143770837, time = 41501.55439934318
mass =  tensor(468.7826, device='cuda:0')
count = 122000, dt = 0.273290085186017, time = 41771.61452742655
mass =  tensor(468.7835, device='cuda:0')
count = 123000, dt = 0.27276089245826207, time = 42042.15754243134
mass =  tensor(468.7832, device='cuda:0')
count = 124000, dt = 0.2688955127829893, time = 42312.38974185815
mass =  tensor(468.7807, device='cuda:0')
count = 125000, dt = 0.2666209238505679, time = 42579.430884466965
mass =  tensor(468.7784, device='cuda:0')
count = 126000, dt = 0.26567575417187805, time = 42848.60705614415
mass =  tensor(468.7777, device='cuda:0')
count = 127000, dt = 0.2732739874026132, time = 43118.63115984379
mass =  tensor(468.7816, device='cuda:0')
elapsed time =  2307.8319652080536
Working directory is /home/maychris/Mars_Dust/Mars-Dust-Modelling
Running on hosts gl1008
Running on hosts gl1008
Running job convection
Running on 1 nodes
Running on processors
Time submitted: Wed Oct 15 15:46:08 EDT 2025
