Working directory is /home/maychris/Mars_Dust/Mars-Dust-Modelling
Running on hosts gl1504
Running on hosts gl1504
Running job convection
Running on 1 nodes
Running on processors
Time submitted: Sat Nov 29 21:50:10 EST 2025
Forcing: 72.5 W/m^2
Reading input file: convection_D_3D.yaml
count = 0, dt = 0.748968981235989, time = 0.0
mass =  tensor(101592.2485, device='cuda:0')
6277.57 allocated, 13.8%, 7472.00 reserved
count = 1000, dt = 0.6555472525770457, time = 713.8161058619881
mass =  tensor(101595.1367, device='cuda:0')
6524.06 allocated, 14.3%, 31370.00 reserved
count = 2000, dt = 0.7016349249385273, time = 1421.1205962935555
mass =  tensor(101595.3633, device='cuda:0')
6524.06 allocated, 14.3%, 31370.00 reserved
count = 3000, dt = 0.6982251521606372, time = 2116.2555106040227
mass =  tensor(101604.2667, device='cuda:0')
6524.06 allocated, 14.3%, 31370.00 reserved
count = 4000, dt = 0.700323031105121, time = 2814.1483521621535
mass =  tensor(101606.8418, device='cuda:0')
6524.06 allocated, 14.3%, 31370.00 reserved
count = 5000, dt = 0.7010745359964401, time = 3517.1484386801085
mass =  tensor(101610.1545, device='cuda:0')
6524.06 allocated, 14.3%, 31370.00 reserved
count = 6000, dt = 0.6992557446368901, time = 4218.416395474849
mass =  tensor(101614.1452, device='cuda:0')
6524.06 allocated, 14.3%, 31370.00 reserved
count = 7000, dt = 0.696629939666508, time = 4915.395946336675
mass =  tensor(101618.1273, device='cuda:0')
6524.06 allocated, 14.3%, 31370.00 reserved
count = 8000, dt = 0.6971468794721224, time = 5611.305921483486
mass =  tensor(101622.0848, device='cuda:0')
6524.06 allocated, 14.3%, 31370.00 reserved
count = 9000, dt = 0.6929960233766294, time = 6306.692292159145
mass =  tensor(101626.2669, device='cuda:0')
6524.06 allocated, 14.3%, 31370.00 reserved
count = 10000, dt = 0.6959954187808286, time = 6999.665089423421
mass =  tensor(101630.2330, device='cuda:0')
6524.06 allocated, 14.3%, 31370.00 reserved
count = 11000, dt = 0.6841323872240368, time = 7693.6780061709005
mass =  tensor(101634.3676, device='cuda:0')
6524.06 allocated, 14.3%, 31370.00 reserved
count = 12000, dt = 0.692775835156307, time = 8386.940219260308
mass =  tensor(101638.3654, device='cuda:0')
6524.06 allocated, 14.3%, 31370.00 reserved
count = 13000, dt = 0.6854844053092489, time = 9078.744520018521
mass =  tensor(101642.5677, device='cuda:0')
6524.06 allocated, 14.3%, 31370.00 reserved
count = 14000, dt = 0.6944958498865544, time = 9770.576292848653
mass =  tensor(101646.5623, device='cuda:0')
6524.06 allocated, 14.3%, 31370.00 reserved
count = 15000, dt = 0.6905407509790547, time = 10460.61534430238
mass =  tensor(101650.3345, device='cuda:0')
6524.06 allocated, 14.3%, 31370.00 reserved
count = 16000, dt = 0.6914055561311255, time = 11150.072209265947
mass =  tensor(101654.0324, device='cuda:0')
6524.06 allocated, 14.3%, 31370.00 reserved
count = 17000, dt = 0.6908809906796577, time = 11839.461150994268
mass =  tensor(101658.1404, device='cuda:0')
6524.06 allocated, 14.3%, 31370.00 reserved
count = 18000, dt = 0.6869531099527462, time = 12527.368198608514
mass =  tensor(101661.9477, device='cuda:0')
6524.06 allocated, 14.3%, 31370.00 reserved
count = 19000, dt = 0.6808610886517734, time = 13215.081433265497
mass =  tensor(101665.6887, device='cuda:0')
6524.06 allocated, 14.3%, 31370.00 reserved
count = 20000, dt = 0.6880986474197318, time = 13901.165782181417
mass =  tensor(101669.0694, device='cuda:0')
6524.06 allocated, 14.3%, 31370.00 reserved
count = 21000, dt = 0.6846174157211086, time = 14585.505049800719
mass =  tensor(101672.4642, device='cuda:0')
6524.06 allocated, 14.3%, 31370.00 reserved
count = 22000, dt = 0.6845074465967353, time = 15266.802524756116
mass =  tensor(101675.0548, device='cuda:0')
6524.06 allocated, 14.3%, 31370.00 reserved
count = 23000, dt = 0.6813264340091267, time = 15950.4984363725
mass =  tensor(101678.2496, device='cuda:0')
6524.06 allocated, 14.3%, 31370.00 reserved
count = 24000, dt = 0.6535085492949508, time = 16627.27679754159
mass =  tensor(101680.7985, device='cuda:0')
6524.06 allocated, 14.3%, 31370.00 reserved
count = 25000, dt = 0.6802352750367463, time = 17305.12997939074
mass =  tensor(101682.7361, device='cuda:0')
6524.06 allocated, 14.3%, 31370.00 reserved
count = 26000, dt = 0.6814751575028635, time = 17985.724553892505
mass =  tensor(101685.7410, device='cuda:0')
6524.06 allocated, 14.3%, 31370.00 reserved
count = 27000, dt = 0.6790268616389458, time = 18664.698576380455
mass =  tensor(101688.4957, device='cuda:0')
6524.06 allocated, 14.3%, 31370.00 reserved
count = 28000, dt = 0.6761600824120665, time = 19340.799719750856
mass =  tensor(101690.7843, device='cuda:0')
6524.06 allocated, 14.3%, 31370.00 reserved
count = 29000, dt = 0.6426943412570119, time = 20000.571407667285
mass =  tensor(101691.8411, device='cuda:0')
6524.06 allocated, 14.3%, 31370.00 reserved
count = 30000, dt = 0.6790030334827416, time = 20667.789300823824
mass =  tensor(101692.8958, device='cuda:0')
6524.06 allocated, 14.3%, 31370.00 reserved
count = 31000, dt = 0.6698555434172297, time = 21327.546180474874
mass =  tensor(101693.5565, device='cuda:0')
6524.06 allocated, 14.3%, 31370.00 reserved
count = 32000, dt = 0.645967157744439, time = 21990.41078204086
mass =  tensor(101694.3174, device='cuda:0')
6524.06 allocated, 14.3%, 31370.00 reserved
count = 33000, dt = 0.6595188641036657, time = 22649.774287689273
mass =  tensor(101694.7090, device='cuda:0')
6524.06 allocated, 14.3%, 31370.00 reserved
count = 34000, dt = 0.6668358718996843, time = 23316.042721538466
mass =  tensor(101695.6622, device='cuda:0')
6524.06 allocated, 14.3%, 31370.00 reserved
count = 35000, dt = 0.6525223715613182, time = 23972.49783877278
mass =  tensor(101695.9887, device='cuda:0')
6524.06 allocated, 14.3%, 31370.00 reserved
count = 36000, dt = 0.655351273881194, time = 24623.586254635222
mass =  tensor(101696.2689, device='cuda:0')
6524.06 allocated, 14.3%, 31370.00 reserved
count = 37000, dt = 0.6391592798737471, time = 25270.163791655203
mass =  tensor(101696.4491, device='cuda:0')
6524.06 allocated, 14.3%, 31370.00 reserved
count = 38000, dt = 0.6512731850153465, time = 25912.79964003102
mass =  tensor(101696.6669, device='cuda:0')
6524.06 allocated, 14.3%, 31370.00 reserved
count = 39000, dt = 0.6505120100019631, time = 26552.19451710743
mass =  tensor(101697.1063, device='cuda:0')
6524.06 allocated, 14.3%, 31370.00 reserved
count = 40000, dt = 0.6360259278837933, time = 27195.717802494255
mass =  tensor(101697.7244, device='cuda:0')
6524.06 allocated, 14.3%, 31370.00 reserved
count = 41000, dt = 0.6232871465312954, time = 27823.13148679394
mass =  tensor(101698.3659, device='cuda:0')
6524.06 allocated, 14.3%, 31370.00 reserved
count = 42000, dt = 0.6262368268529896, time = 28448.881075650428
mass =  tensor(101699.2430, device='cuda:0')
6524.06 allocated, 14.3%, 31370.00 reserved
elapsed time =  179436.25973892212
