Working directory is /home/maychris/Mars_Dust/Mars-Dust-Modelling
Running on hosts gl1527
Running on hosts gl1527
Running job convection
Running on 1 nodes
Running on processors
Time submitted: Sat Nov 29 21:24:26 EST 2025
Forcing: 72.5 W/m^2
Reading input file: convection_C_3D.yaml
count = 0, dt = 1.124006500331072, time = 0.0
mass =  tensor(30100.9655, device='cuda:0')
1952.41 allocated, 4.3%, 2326.00 reserved
count = 1000, dt = 1.0784649988383068, time = 1075.6411494141614
mass =  tensor(30102.7715, device='cuda:0')
2035.20 allocated, 4.5%, 9742.00 reserved
count = 2000, dt = 1.0453988219963046, time = 2142.3949721885833
mass =  tensor(30104.6109, device='cuda:0')
2035.20 allocated, 4.5%, 9742.00 reserved
count = 3000, dt = 1.0584965086779845, time = 3196.1234812804328
mass =  tensor(30108.5798, device='cuda:0')
2035.20 allocated, 4.5%, 9742.00 reserved
count = 4000, dt = 1.0564203496157734, time = 4255.682915311388
mass =  tensor(30110.9773, device='cuda:0')
2035.20 allocated, 4.5%, 9742.00 reserved
count = 5000, dt = 1.0542394128556583, time = 5310.416920266015
mass =  tensor(30113.5965, device='cuda:0')
2035.20 allocated, 4.5%, 9742.00 reserved
count = 6000, dt = 1.0529093153951263, time = 6362.576115568759
mass =  tensor(30116.5700, device='cuda:0')
2035.20 allocated, 4.5%, 9742.00 reserved
count = 7000, dt = 1.0459959324940615, time = 7412.027515350316
mass =  tensor(30119.4132, device='cuda:0')
2035.20 allocated, 4.5%, 9742.00 reserved
count = 8000, dt = 1.0474821897183284, time = 8461.07695153726
mass =  tensor(30122.4878, device='cuda:0')
2035.20 allocated, 4.5%, 9742.00 reserved
count = 9000, dt = 1.0456190304421873, time = 9507.39900869484
mass =  tensor(30125.4083, device='cuda:0')
2035.20 allocated, 4.5%, 9742.00 reserved
count = 10000, dt = 1.0477401094081606, time = 10551.062843059788
mass =  tensor(30128.1921, device='cuda:0')
2035.20 allocated, 4.5%, 9742.00 reserved
count = 11000, dt = 1.043154930914125, time = 11594.702738341495
mass =  tensor(30131.1967, device='cuda:0')
2035.20 allocated, 4.5%, 9742.00 reserved
count = 12000, dt = 1.0396277354006305, time = 12637.343704650117
mass =  tensor(30134.4005, device='cuda:0')
2035.20 allocated, 4.5%, 9742.00 reserved
count = 13000, dt = 1.0393615138230536, time = 13674.73880462525
mass =  tensor(30136.8783, device='cuda:0')
2035.20 allocated, 4.5%, 9742.00 reserved
count = 14000, dt = 1.0294170865394603, time = 14711.821682540089
mass =  tensor(30139.5594, device='cuda:0')
2035.20 allocated, 4.5%, 9742.00 reserved
count = 15000, dt = 1.037589401575433, time = 15749.76166990251
mass =  tensor(30142.3815, device='cuda:0')
2035.20 allocated, 4.5%, 9742.00 reserved
count = 16000, dt = 1.0341004764733792, time = 16783.160903653286
mass =  tensor(30145.0618, device='cuda:0')
2035.20 allocated, 4.5%, 9742.00 reserved
count = 17000, dt = 1.0302555830260072, time = 17816.669370369164
mass =  tensor(30147.6642, device='cuda:0')
2035.20 allocated, 4.5%, 9742.00 reserved
count = 18000, dt = 1.0311171433731476, time = 18841.223329429547
mass =  tensor(30149.4087, device='cuda:0')
2035.20 allocated, 4.5%, 9742.00 reserved
count = 19000, dt = 1.0230871776501094, time = 19870.54945440256
mass =  tensor(30151.8827, device='cuda:0')
2035.20 allocated, 4.5%, 9742.00 reserved
count = 20000, dt = 1.0260990167349036, time = 20896.9757005725
mass =  tensor(30154.1373, device='cuda:0')
2035.20 allocated, 4.5%, 9742.00 reserved
count = 21000, dt = 1.0280380554719843, time = 21922.340861047367
mass =  tensor(30156.3302, device='cuda:0')
2035.20 allocated, 4.5%, 9742.00 reserved
count = 22000, dt = 1.0246051913946517, time = 22941.764710629373
mass =  tensor(30158.0943, device='cuda:0')
2035.20 allocated, 4.5%, 9742.00 reserved
count = 23000, dt = 0.9852766081487603, time = 23943.35520908639
mass =  tensor(30159.3408, device='cuda:0')
2035.20 allocated, 4.5%, 9742.00 reserved
count = 24000, dt = 0.993120642810402, time = 24927.76941112109
mass =  tensor(30159.8331, device='cuda:0')
2035.20 allocated, 4.5%, 9742.00 reserved
count = 25000, dt = 0.982208047878471, time = 25912.6627582635
mass =  tensor(30160.3807, device='cuda:0')
2035.20 allocated, 4.5%, 9742.00 reserved
count = 26000, dt = 0.971717787623277, time = 26881.674683854126
mass =  tensor(30161.0802, device='cuda:0')
2035.20 allocated, 4.5%, 9742.00 reserved
count = 27000, dt = 0.9920472259804575, time = 27866.60396017112
mass =  tensor(30161.9898, device='cuda:0')
2035.20 allocated, 4.5%, 9742.00 reserved
elapsed time =  36786.09619832039
