Working directory is /home/maychris/Mars_Dust/Mars-Dust-Modelling
Running on hosts gl1504
Running on hosts gl1504
Running job convection
Running on 1 nodes
Running on processors
Time submitted: Wed Nov 12 16:28:05 EST 2025
Reading input file: convection_D9_3D.yaml
count = 0, dt = 0.748968981235989, time = 0.0
mass =  tensor(101592.2485, device='cuda:0')
6277.57 allocated, 13.8%, 7472.00 reserved
count = 1000, dt = 0.7063433935380959, time = 710.4639072630306
mass =  tensor(101601.2592, device='cuda:0')
6524.06 allocated, 14.3%, 31370.00 reserved
count = 2000, dt = 0.6692781187443624, time = 1388.4883375261925
mass =  tensor(101601.8617, device='cuda:0')
6524.06 allocated, 14.3%, 31370.00 reserved
count = 3000, dt = 0.6813036811019747, time = 2064.6644933289813
mass =  tensor(101603.1446, device='cuda:0')
6524.06 allocated, 14.3%, 31370.00 reserved
count = 4000, dt = 0.6723108352311303, time = 2745.459963224968
mass =  tensor(101603.7293, device='cuda:0')
6524.06 allocated, 14.3%, 31370.00 reserved
count = 5000, dt = 0.6789340989611811, time = 3423.6666802967143
mass =  tensor(101604.7222, device='cuda:0')
6524.06 allocated, 14.3%, 31370.00 reserved
count = 6000, dt = 0.6765426860859075, time = 4101.646062720101
mass =  tensor(101606.9038, device='cuda:0')
6524.06 allocated, 14.3%, 31370.00 reserved
count = 7000, dt = 0.6761699660960033, time = 4774.62218883535
mass =  tensor(101608.5689, device='cuda:0')
6524.06 allocated, 14.3%, 31370.00 reserved
count = 8000, dt = 0.667404847572753, time = 5445.719704691212
mass =  tensor(101610.1544, device='cuda:0')
6524.06 allocated, 14.3%, 31370.00 reserved
count = 9000, dt = 0.6714835269665154, time = 6115.272000938319
mass =  tensor(101611.8429, device='cuda:0')
6524.06 allocated, 14.3%, 31370.00 reserved
count = 10000, dt = 0.6703266638036746, time = 6784.271002527292
mass =  tensor(101614.2203, device='cuda:0')
6524.06 allocated, 14.3%, 31370.00 reserved
count = 11000, dt = 0.663015858259157, time = 7453.145260183383
mass =  tensor(101616.7844, device='cuda:0')
6524.06 allocated, 14.3%, 31370.00 reserved
count = 12000, dt = 0.6634373800885017, time = 8116.776023688196
mass =  tensor(101618.7293, device='cuda:0')
6524.06 allocated, 14.3%, 31370.00 reserved
count = 13000, dt = 0.6641751261384043, time = 8779.118134772269
mass =  tensor(101620.0146, device='cuda:0')
6524.06 allocated, 14.3%, 31370.00 reserved
count = 14000, dt = 0.661200792374493, time = 9434.834654364682
mass =  tensor(101620.7325, device='cuda:0')
6524.06 allocated, 14.3%, 31370.00 reserved
count = 15000, dt = 0.6390926130179069, time = 10080.729970699109
mass =  tensor(101621.3560, device='cuda:0')
6524.06 allocated, 14.3%, 31370.00 reserved
count = 16000, dt = 0.645102904324013, time = 10718.965556984282
mass =  tensor(101621.3074, device='cuda:0')
6524.06 allocated, 14.3%, 31370.00 reserved
count = 17000, dt = 0.6443236532957703, time = 11361.769107705453
mass =  tensor(101621.0544, device='cuda:0')
6524.06 allocated, 14.3%, 31370.00 reserved
count = 18000, dt = 0.6262466475000678, time = 12002.645212978765
mass =  tensor(101620.8692, device='cuda:0')
6524.06 allocated, 14.3%, 31370.00 reserved
count = 19000, dt = 0.6187773766669499, time = 12621.779764898041
mass =  tensor(101620.7726, device='cuda:0')
6524.06 allocated, 14.3%, 31370.00 reserved
count = 20000, dt = 0.6073905264298783, time = 13238.121723763115
mass =  tensor(101621.1420, device='cuda:0')
6524.06 allocated, 14.3%, 31370.00 reserved
count = 21000, dt = 0.6046245498966902, time = 13837.40836112759
mass =  tensor(101621.7587, device='cuda:0')
6524.06 allocated, 14.3%, 31370.00 reserved
count = 22000, dt = 0.5836544154992651, time = 14424.467023451081
mass =  tensor(101621.8271, device='cuda:0')
6524.06 allocated, 14.3%, 31370.00 reserved
count = 23000, dt = 0.5697389536561898, time = 14999.295753462147
mass =  tensor(101621.9976, device='cuda:0')
6524.06 allocated, 14.3%, 31370.00 reserved
count = 24000, dt = 0.5717947373444398, time = 15573.764540180222
mass =  tensor(101622.0867, device='cuda:0')
6524.06 allocated, 14.3%, 31370.00 reserved
count = 25000, dt = 0.56979893549873, time = 16144.68194175074
mass =  tensor(101623.1273, device='cuda:0')
6524.06 allocated, 14.3%, 31370.00 reserved
count = 26000, dt = 0.5721588594540004, time = 16719.905197677184
mass =  tensor(101623.8514, device='cuda:0')
6524.06 allocated, 14.3%, 31370.00 reserved
count = 27000, dt = 0.5622982977565691, time = 17292.880833501906
mass =  tensor(101624.6651, device='cuda:0')
6524.06 allocated, 14.3%, 31370.00 reserved
count = 28000, dt = 0.5425088775022309, time = 17858.552310272975
mass =  tensor(101626.0441, device='cuda:0')
6524.06 allocated, 14.3%, 31370.00 reserved
count = 29000, dt = 0.5566796263373328, time = 18425.286095686788
mass =  tensor(101628.1983, device='cuda:0')
6524.06 allocated, 14.3%, 31370.00 reserved
count = 30000, dt = 0.5559024095083495, time = 18986.611091241903
mass =  tensor(101630.9218, device='cuda:0')
6524.06 allocated, 14.3%, 31370.00 reserved
count = 31000, dt = 0.5746379875753271, time = 19559.873375867188
mass =  tensor(101633.2373, device='cuda:0')
6524.06 allocated, 14.3%, 31370.00 reserved
count = 32000, dt = 0.5774640565728456, time = 20137.155336421052
mass =  tensor(101635.4630, device='cuda:0')
6524.06 allocated, 14.3%, 31370.00 reserved
count = 33000, dt = 0.5554402799729112, time = 20706.684845855096
mass =  tensor(101637.5394, device='cuda:0')
6524.06 allocated, 14.3%, 31370.00 reserved
count = 34000, dt = 0.5725821958179589, time = 21273.016263826044
mass =  tensor(101639.9025, device='cuda:0')
6524.06 allocated, 14.3%, 31370.00 reserved
count = 35000, dt = 0.5725458115502041, time = 21854.790468261013
mass =  tensor(101642.3509, device='cuda:0')
6524.06 allocated, 14.3%, 31370.00 reserved
count = 36000, dt = 0.5824177598394474, time = 22426.8254814341
mass =  tensor(101644.6417, device='cuda:0')
6524.06 allocated, 14.3%, 31370.00 reserved
count = 37000, dt = 0.5550267059501685, time = 23006.372800953857
mass =  tensor(101646.9135, device='cuda:0')
6524.06 allocated, 14.3%, 31370.00 reserved
count = 38000, dt = 0.5610526655262906, time = 23572.0427386227
mass =  tensor(101648.8707, device='cuda:0')
6524.06 allocated, 14.3%, 31370.00 reserved
count = 39000, dt = 0.589715599849526, time = 24154.965553588958
mass =  tensor(101650.8081, device='cuda:0')
6524.06 allocated, 14.3%, 31370.00 reserved
count = 40000, dt = 0.5820060590654158, time = 24732.30010554155
mass =  tensor(101652.9337, device='cuda:0')
6524.06 allocated, 14.3%, 31370.00 reserved
count = 41000, dt = 0.5801278427386763, time = 25308.582594241645
mass =  tensor(101654.3576, device='cuda:0')
6524.06 allocated, 14.3%, 31370.00 reserved
count = 42000, dt = 0.5874099925148296, time = 25885.04198657643
mass =  tensor(101655.9226, device='cuda:0')
6524.06 allocated, 14.3%, 31370.00 reserved
count = 43000, dt = 0.5822537033903987, time = 26468.941213693415
mass =  tensor(101658.3071, device='cuda:0')
6524.06 allocated, 14.3%, 31370.00 reserved
count = 44000, dt = 0.573893486729286, time = 27047.82434678766
mass =  tensor(101660.6225, device='cuda:0')
6524.06 allocated, 14.3%, 31370.00 reserved
count = 45000, dt = 0.5937502886013195, time = 27628.661045008677
mass =  tensor(101662.7328, device='cuda:0')
6524.06 allocated, 14.3%, 31370.00 reserved
count = 46000, dt = 0.5886289837114187, time = 28214.472547519097
mass =  tensor(101664.8523, device='cuda:0')
6524.06 allocated, 14.3%, 31370.00 reserved
count = 47000, dt = 0.5839389798104173, time = 28797.58392002804
mass =  tensor(101667.2765, device='cuda:0')
6524.06 allocated, 14.3%, 31370.00 reserved
elapsed time =  198479.96352815628
