Reading input file: convection_A_3D.yaml
count = 0, dt = 0.562003250165536, time = 0.0
mass =  tensor(30100.9655, device='cuda:0')
1952.41 allocated, 4.3%, 2288.00 reserved
count = 1000, dt = 0.5573259776299326, time = 565.8016828022286
mass =  tensor(30101.6437, device='cuda:0')
2027.07 allocated, 4.5%, 3316.00 reserved
count = 2000, dt = 0.5409775013299236, time = 1114.9114638068136
mass =  tensor(30103.2334, device='cuda:0')
2027.07 allocated, 4.5%, 3316.00 reserved
count = 3000, dt = 0.4170639219017529, time = 1587.289415882662
mass =  tensor(30100.4987, device='cuda:0')
2027.09 allocated, 4.5%, 3316.00 reserved
count = 4000, dt = 0.4711496317997655, time = 2040.821371924612
mass =  tensor(30099.1405, device='cuda:0')
2027.07 allocated, 4.5%, 3316.00 reserved
count = 5000, dt = 0.4619334254235694, time = 2475.679527909246
mass =  tensor(30099.6075, device='cuda:0')
2027.07 allocated, 4.5%, 3316.00 reserved
count = 6000, dt = 0.4790688091667877, time = 2960.2236839361526
mass =  tensor(30100.2232, device='cuda:0')
2027.09 allocated, 4.5%, 3316.00 reserved
count = 7000, dt = 0.49760486472255516, time = 3443.723881410862
mass =  tensor(30101.0062, device='cuda:0')
2027.07 allocated, 4.5%, 3316.00 reserved
count = 8000, dt = 0.464590189975126, time = 3923.981824649254
mass =  tensor(30101.6301, device='cuda:0')
2027.07 allocated, 4.5%, 3316.00 reserved
count = 9000, dt = 0.47102544329398277, time = 4398.7709685946165
mass =  tensor(30102.2978, device='cuda:0')
2027.09 allocated, 4.5%, 3316.00 reserved
count = 10000, dt = 0.4874404101287627, time = 4876.509060504626
mass =  tensor(30102.9350, device='cuda:0')
2027.07 allocated, 4.5%, 3316.00 reserved
count = 11000, dt = 0.46868014868431596, time = 5350.617773094612
mass =  tensor(30103.5473, device='cuda:0')
2027.07 allocated, 4.5%, 3316.00 reserved
count = 12000, dt = 0.46759901902566675, time = 5822.828466852736
mass =  tensor(30104.1651, device='cuda:0')
2027.09 allocated, 4.5%, 3316.00 reserved
count = 13000, dt = 0.4643995795681192, time = 6291.417062576039
mass =  tensor(30104.7581, device='cuda:0')
2027.07 allocated, 4.5%, 3316.00 reserved
count = 14000, dt = 0.4615319482485, time = 6757.8192503407
mass =  tensor(30105.3013, device='cuda:0')
2027.07 allocated, 4.5%, 3316.00 reserved
count = 15000, dt = 0.4686586119638482, time = 7225.903345043116
mass =  tensor(30105.8741, device='cuda:0')
2027.09 allocated, 4.5%, 3316.00 reserved
count = 16000, dt = 0.46852008606418394, time = 7683.977814948047
mass =  tensor(30106.4463, device='cuda:0')
2027.07 allocated, 4.5%, 3316.00 reserved
count = 17000, dt = 0.4531484779094002, time = 8145.4814680502905
mass =  tensor(30106.9822, device='cuda:0')
2027.07 allocated, 4.5%, 3316.00 reserved
count = 18000, dt = 0.45516107682110335, time = 8609.046199234836
mass =  tensor(30107.5257, device='cuda:0')
2027.09 allocated, 4.5%, 3316.00 reserved
count = 19000, dt = 0.45764786742155883, time = 9065.15927081283
mass =  tensor(30108.0356, device='cuda:0')
2027.07 allocated, 4.5%, 3316.00 reserved
count = 20000, dt = 0.4557381800056813, time = 9521.583297801975
mass =  tensor(30108.5823, device='cuda:0')
2027.07 allocated, 4.5%, 3316.00 reserved
count = 21000, dt = 0.4496919769102958, time = 9976.519232697128
mass =  tensor(30109.1003, device='cuda:0')
2027.09 allocated, 4.5%, 3316.00 reserved
count = 22000, dt = 0.4583115035040109, time = 10433.183719071762
mass =  tensor(30109.6335, device='cuda:0')
2027.07 allocated, 4.5%, 3316.00 reserved
count = 23000, dt = 0.46512810107240116, time = 10892.167620305194
mass =  tensor(30110.1964, device='cuda:0')
2027.07 allocated, 4.5%, 3316.00 reserved
count = 24000, dt = 0.4528074587253969, time = 11349.785500438962
mass =  tensor(30110.7496, device='cuda:0')
2027.09 allocated, 4.5%, 3316.00 reserved
count = 25000, dt = 0.43028266291678885, time = 11799.248690120543
mass =  tensor(30111.2806, device='cuda:0')
2027.07 allocated, 4.5%, 3316.00 reserved
count = 26000, dt = 0.45078614424769164, time = 12239.269192984937
mass =  tensor(30111.7949, device='cuda:0')
2027.07 allocated, 4.5%, 3316.00 reserved
count = 27000, dt = 0.4539212333129324, time = 12687.407667212845
mass =  tensor(30112.3675, device='cuda:0')
2027.09 allocated, 4.5%, 3316.00 reserved
count = 28000, dt = 0.44712270777536256, time = 13135.642473276725
mass =  tensor(30112.9234, device='cuda:0')
2027.07 allocated, 4.5%, 3316.00 reserved
count = 29000, dt = 0.4283960937205366, time = 13570.72245136602
mass =  tensor(30113.3568, device='cuda:0')
2027.07 allocated, 4.5%, 3316.00 reserved
count = 30000, dt = 0.40979821699646163, time = 13996.796992050813
mass =  tensor(30113.6634, device='cuda:0')
2027.09 allocated, 4.5%, 3316.00 reserved
count = 31000, dt = 0.40758281258784257, time = 14417.286132905518
mass =  tensor(30113.9685, device='cuda:0')
2027.07 allocated, 4.5%, 3316.00 reserved
count = 32000, dt = 0.4110328418463285, time = 14828.76198637154
mass =  tensor(30114.2679, device='cuda:0')
2027.07 allocated, 4.5%, 3316.00 reserved
count = 33000, dt = 0.41949847519182604, time = 15240.9283205779
mass =  tensor(30114.5592, device='cuda:0')
2027.09 allocated, 4.5%, 3316.00 reserved
count = 34000, dt = 0.4218906713739915, time = 15661.26704061732
mass =  tensor(30114.9034, device='cuda:0')
2027.07 allocated, 4.5%, 3316.00 reserved
count = 35000, dt = 0.40885757298152003, time = 16079.030576255318
mass =  tensor(30115.2393, device='cuda:0')
2027.07 allocated, 4.5%, 3316.00 reserved
count = 36000, dt = 0.4175592744915798, time = 16490.020449775166
mass =  tensor(30115.5558, device='cuda:0')
2027.09 allocated, 4.5%, 3316.00 reserved
count = 37000, dt = 0.42041670126497216, time = 16906.32523121641
mass =  tensor(30115.8973, device='cuda:0')
2027.07 allocated, 4.5%, 3316.00 reserved
count = 38000, dt = 0.3935472707264165, time = 17315.58348816393
mass =  tensor(30116.2452, device='cuda:0')
2027.07 allocated, 4.5%, 3316.00 reserved
count = 39000, dt = 0.4038436815815322, time = 17716.344137067415
mass =  tensor(30116.5621, device='cuda:0')
2027.09 allocated, 4.5%, 3316.00 reserved
count = 40000, dt = 0.4127989088952994, time = 18118.842076662608
mass =  tensor(30116.8860, device='cuda:0')
2027.07 allocated, 4.5%, 3316.00 reserved
count = 41000, dt = 0.39019426335200325, time = 18523.288188259714
mass =  tensor(30117.1973, device='cuda:0')
2027.07 allocated, 4.5%, 3316.00 reserved
count = 42000, dt = 0.40087985564807155, time = 18924.42528773215
mass =  tensor(30117.5140, device='cuda:0')
2027.09 allocated, 4.5%, 3316.00 reserved
count = 43000, dt = 0.41067067382387706, time = 19329.123152779892
mass =  tensor(30117.8557, device='cuda:0')
2027.07 allocated, 4.5%, 3316.00 reserved
count = 44000, dt = 0.396323094130254, time = 19720.75688385433
mass =  tensor(30118.1486, device='cuda:0')
2027.07 allocated, 4.5%, 3316.00 reserved
count = 45000, dt = 0.4048313676407476, time = 20123.530324852327
mass =  tensor(30118.4483, device='cuda:0')
2027.09 allocated, 4.5%, 3316.00 reserved
count = 46000, dt = 0.39764435399329295, time = 20522.312513153567
mass =  tensor(30118.7189, device='cuda:0')
2027.07 allocated, 4.5%, 3316.00 reserved
count = 47000, dt = 0.4022056725007253, time = 20925.811624076076
mass =  tensor(30119.0455, device='cuda:0')
2027.07 allocated, 4.5%, 3316.00 reserved
count = 48000, dt = 0.40633351804308476, time = 21325.68456495052
mass =  tensor(30119.3472, device='cuda:0')
2027.09 allocated, 4.5%, 3316.00 reserved
count = 49000, dt = 0.40090909840308236, time = 21726.688816355512
mass =  tensor(30119.6384, device='cuda:0')
2027.07 allocated, 4.5%, 3316.00 reserved
count = 50000, dt = 0.3866158833926528, time = 22121.65339229711
mass =  tensor(30119.9353, device='cuda:0')
2027.07 allocated, 4.5%, 3316.00 reserved
count = 51000, dt = 0.3957536385870911, time = 22515.329755395214
mass =  tensor(30120.2327, device='cuda:0')
2027.09 allocated, 4.5%, 3316.00 reserved
count = 52000, dt = 0.40482919121433597, time = 22914.491174649957
mass =  tensor(30120.5357, device='cuda:0')
2027.07 allocated, 4.5%, 3316.00 reserved
count = 53000, dt = 0.38678276423698044, time = 23315.987015255658
mass =  tensor(30120.8414, device='cuda:0')
2027.07 allocated, 4.5%, 3316.00 reserved
count = 54000, dt = 0.4016117427605464, time = 23708.312542032498
mass =  tensor(30121.1273, device='cuda:0')
2027.09 allocated, 4.5%, 3316.00 reserved
count = 55000, dt = 0.38474648490763225, time = 24100.328667693342
mass =  tensor(30121.4239, device='cuda:0')
2027.07 allocated, 4.5%, 3316.00 reserved
count = 56000, dt = 0.3809581573160604, time = 24485.683998114066
mass =  tensor(30121.7022, device='cuda:0')
2027.07 allocated, 4.5%, 3316.00 reserved
count = 57000, dt = 0.38989744209693095, time = 24876.592329178373
mass =  tensor(30122.0148, device='cuda:0')
2027.09 allocated, 4.5%, 3316.00 reserved
count = 58000, dt = 0.39402436188591816, time = 25272.819198148005
mass =  tensor(30122.3104, device='cuda:0')
2027.07 allocated, 4.5%, 3316.00 reserved
count = 59000, dt = 0.40053398719762706, time = 25662.621363757993
mass =  tensor(30122.5675, device='cuda:0')
2027.07 allocated, 4.5%, 3316.00 reserved
count = 60000, dt = 0.39879766966897384, time = 26058.678284476253
mass =  tensor(30122.8638, device='cuda:0')
2027.09 allocated, 4.5%, 3316.00 reserved
count = 61000, dt = 0.3903168407920937, time = 26451.908847825172
mass =  tensor(30123.1548, device='cuda:0')
2027.07 allocated, 4.5%, 3316.00 reserved
count = 62000, dt = 0.39033449676003124, time = 26831.91339764386
mass =  tensor(30123.4252, device='cuda:0')
2027.07 allocated, 4.5%, 3316.00 reserved
count = 63000, dt = 0.3906609847262012, time = 27213.537590485812
mass =  tensor(30123.6748, device='cuda:0')
2027.09 allocated, 4.5%, 3316.00 reserved
count = 64000, dt = 0.39584310563997194, time = 27597.892824150003
mass =  tensor(30123.9469, device='cuda:0')
2027.07 allocated, 4.5%, 3316.00 reserved
count = 65000, dt = 0.39463167224276197, time = 27985.26892306298
mass =  tensor(30124.2113, device='cuda:0')
2027.07 allocated, 4.5%, 3316.00 reserved
count = 66000, dt = 0.386115376654462, time = 28374.590220896698
mass =  tensor(30124.4869, device='cuda:0')
2027.09 allocated, 4.5%, 3316.00 reserved
count = 67000, dt = 0.3830018663700846, time = 28760.536025109526
mass =  tensor(30124.7580, device='cuda:0')
2027.07 allocated, 4.5%, 3316.00 reserved
elapsed time =  28643.242834806442
Working directory is /home/maychris/Mars_Dust/Mars-Dust-Modelling
Running on hosts gl1510
Running on hosts gl1510
Running job convection
Running on 1 nodes
Running on processors
Time submitted: Sat Oct 25 04:08:31 EDT 2025
