Working directory is /home/maychris/Mars_Dust/Mars-Dust-Modelling
Running on hosts gl1507
Running on hosts gl1507
Running job convection
Running on 1 nodes
Running on processors
Time submitted: Sat Nov 15 13:35:55 EST 2025
Reading input file: convection_D9_3D.yaml
Continuing from convection_D9_3D.out2.00048.nc
48
count = 0, dt = 0.583938985847551, time = 28797.583984375
mass =  tensor(101667.2816, device='cuda:0')
6040.84 allocated, 13.3%, 7340.00 reserved
count = 1000, dt = 0.5656173459493752, time = 29376.654014922933
mass =  tensor(101669.1802, device='cuda:0')
6524.06 allocated, 14.3%, 31358.00 reserved
count = 2000, dt = 0.569995645600708, time = 29938.378949724563
mass =  tensor(101670.7831, device='cuda:0')
6524.97 allocated, 14.3%, 31358.00 reserved
count = 3000, dt = 0.5749288573782727, time = 30506.690377392668
mass =  tensor(101672.7442, device='cuda:0')
6524.06 allocated, 14.3%, 31358.00 reserved
count = 4000, dt = 0.5725085992334246, time = 31080.930789004105
mass =  tensor(101674.8363, device='cuda:0')
6524.97 allocated, 14.3%, 31358.00 reserved
count = 5000, dt = 0.5759654883602648, time = 31656.628667341236
mass =  tensor(101677.0400, device='cuda:0')
6524.06 allocated, 14.3%, 31358.00 reserved
count = 6000, dt = 0.5808080501368579, time = 32230.59613434232
mass =  tensor(101679.7234, device='cuda:0')
6524.97 allocated, 14.3%, 31358.00 reserved
count = 7000, dt = 0.5713984891948918, time = 32801.30691418084
mass =  tensor(101681.6440, device='cuda:0')
6524.06 allocated, 14.3%, 31358.00 reserved
count = 8000, dt = 0.5866580255475948, time = 33377.913390877795
mass =  tensor(101682.8055, device='cuda:0')
6524.97 allocated, 14.3%, 31358.00 reserved
count = 9000, dt = 0.5625468378171589, time = 33954.09720532461
mass =  tensor(101684.1450, device='cuda:0')
6524.06 allocated, 14.3%, 31358.00 reserved
count = 10000, dt = 0.5642403292070217, time = 34525.589393610375
mass =  tensor(101686.4251, device='cuda:0')
6524.97 allocated, 14.3%, 31358.00 reserved
count = 11000, dt = 0.5789005832746374, time = 35096.509007768225
mass =  tensor(101688.7241, device='cuda:0')
6524.06 allocated, 14.3%, 31358.00 reserved
count = 12000, dt = 0.5873168017092397, time = 35673.47248329069
mass =  tensor(101691.3614, device='cuda:0')
6524.97 allocated, 14.3%, 31358.00 reserved
count = 13000, dt = 0.5898527228639259, time = 36244.216979683086
mass =  tensor(101693.9655, device='cuda:0')
6524.06 allocated, 14.3%, 31358.00 reserved
count = 14000, dt = 0.5722425027922758, time = 36827.369431645326
mass =  tensor(101696.5542, device='cuda:0')
6524.97 allocated, 14.3%, 31358.00 reserved
count = 15000, dt = 0.5877701903147713, time = 37409.13331117754
mass =  tensor(101698.6649, device='cuda:0')
6524.06 allocated, 14.3%, 31358.00 reserved
count = 16000, dt = 0.5568151672296412, time = 37983.79647944353
mass =  tensor(101700.7654, device='cuda:0')
6524.97 allocated, 14.3%, 31358.00 reserved
count = 17000, dt = 0.5885646225355151, time = 38566.05442949366
mass =  tensor(101702.8309, device='cuda:0')
6524.06 allocated, 14.3%, 31358.00 reserved
count = 18000, dt = 0.590787657757801, time = 39148.80615549261
mass =  tensor(101704.6910, device='cuda:0')
6524.97 allocated, 14.3%, 31358.00 reserved
count = 19000, dt = 0.569606165745082, time = 39729.06365166042
mass =  tensor(101706.4710, device='cuda:0')
6524.06 allocated, 14.3%, 31358.00 reserved
count = 20000, dt = 0.570085193908162, time = 40293.99220456365
mass =  tensor(101708.4896, device='cuda:0')
6524.97 allocated, 14.3%, 31358.00 reserved
count = 21000, dt = 0.583411827919201, time = 40868.016519459015
mass =  tensor(101711.5087, device='cuda:0')
6524.06 allocated, 14.3%, 31358.00 reserved
count = 22000, dt = 0.5734718474018549, time = 41452.324761635515
mass =  tensor(101714.1769, device='cuda:0')
6524.97 allocated, 14.3%, 31358.00 reserved
count = 23000, dt = 0.5847023797059033, time = 42025.313627672615
mass =  tensor(101716.5174, device='cuda:0')
6524.06 allocated, 14.3%, 31358.00 reserved
count = 24000, dt = 0.5947134906213418, time = 42617.47002346986
mass =  tensor(101718.5438, device='cuda:0')
6524.97 allocated, 14.3%, 31358.00 reserved
count = 25000, dt = 0.5969469647202049, time = 43202.78668123233
mass =  tensor(101721.0869, device='cuda:0')
6524.06 allocated, 14.3%, 31358.00 reserved
count = 26000, dt = 0.5827657138640621, time = 43790.1251479268
mass =  tensor(101723.2290, device='cuda:0')
6524.97 allocated, 14.3%, 31358.00 reserved
count = 27000, dt = 0.576796576425206, time = 44364.693425828424
mass =  tensor(101725.2527, device='cuda:0')
6524.06 allocated, 14.3%, 31358.00 reserved
count = 28000, dt = 0.5761469296315797, time = 44951.56036998598
mass =  tensor(101728.0086, device='cuda:0')
6524.97 allocated, 14.3%, 31358.00 reserved
count = 29000, dt = 0.5735835191958313, time = 45529.98922619286
mass =  tensor(101730.4963, device='cuda:0')
6524.06 allocated, 14.3%, 31358.00 reserved
count = 30000, dt = 0.5775777189134566, time = 46102.905775406936
mass =  tensor(101732.7936, device='cuda:0')
6524.97 allocated, 14.3%, 31358.00 reserved
count = 31000, dt = 0.5796839650984833, time = 46683.726197076874
mass =  tensor(101734.9576, device='cuda:0')
6524.06 allocated, 14.3%, 31358.00 reserved
count = 32000, dt = 0.5762126621611268, time = 47260.221094335924
mass =  tensor(101736.4014, device='cuda:0')
6524.97 allocated, 14.3%, 31358.00 reserved
count = 33000, dt = 0.5947846552266572, time = 47850.53742262943
mass =  tensor(101737.8104, device='cuda:0')
6524.06 allocated, 14.3%, 31358.00 reserved
count = 34000, dt = 0.5816008546847623, time = 48431.07589363386
mass =  tensor(101739.4270, device='cuda:0')
6524.97 allocated, 14.3%, 31358.00 reserved
count = 35000, dt = 0.5449862003335644, time = 49012.08868953617
mass =  tensor(101741.4584, device='cuda:0')
6524.06 allocated, 14.3%, 31358.00 reserved
count = 36000, dt = 0.5506270722276653, time = 49564.23309217704
mass =  tensor(101743.6826, device='cuda:0')
6524.97 allocated, 14.3%, 31358.00 reserved
count = 37000, dt = 0.5593513181604267, time = 50130.88999160546
mass =  tensor(101745.7259, device='cuda:0')
6524.06 allocated, 14.3%, 31358.00 reserved
count = 38000, dt = 0.5868643436709411, time = 50705.65527512945
mass =  tensor(101746.6793, device='cuda:0')
6524.97 allocated, 14.3%, 31358.00 reserved
count = 39000, dt = 0.5754791494751023, time = 51282.62053207875
mass =  tensor(101747.7353, device='cuda:0')
6524.06 allocated, 14.3%, 31358.00 reserved
count = 40000, dt = 0.5688120227348948, time = 51853.70489131866
mass =  tensor(101748.8026, device='cuda:0')
6524.97 allocated, 14.3%, 31358.00 reserved
count = 41000, dt = 0.5846274834462912, time = 52427.60619090568
mass =  tensor(101750.9408, device='cuda:0')
6524.06 allocated, 14.3%, 31358.00 reserved
count = 42000, dt = 0.5808394552436041, time = 53003.86663800622
mass =  tensor(101753.5147, device='cuda:0')
6524.97 allocated, 14.3%, 31358.00 reserved
count = 43000, dt = 0.5732074979209448, time = 53573.79700059541
mass =  tensor(101756.4312, device='cuda:0')
6524.06 allocated, 14.3%, 31358.00 reserved
count = 44000, dt = 0.5770774183520938, time = 54145.24273849233
mass =  tensor(101759.0997, device='cuda:0')
6524.97 allocated, 14.3%, 31358.00 reserved
count = 45000, dt = 0.5885890093201955, time = 54729.29286451491
mass =  tensor(101761.1920, device='cuda:0')
6524.06 allocated, 14.3%, 31358.00 reserved
count = 46000, dt = 0.5830011084645133, time = 55307.58320759538
mass =  tensor(101763.3843, device='cuda:0')
6524.97 allocated, 14.3%, 31358.00 reserved
count = 47000, dt = 0.5776052205269975, time = 55886.2246955992
mass =  tensor(101764.8680, device='cuda:0')
6524.06 allocated, 14.3%, 31358.00 reserved
count = 48000, dt = 0.5494119194751171, time = 56463.48914036813
mass =  tensor(101767.0201, device='cuda:0')
6524.97 allocated, 14.3%, 31358.00 reserved
count = 49000, dt = 0.5767945330360147, time = 57030.69600955853
mass =  tensor(101769.1430, device='cuda:0')
6524.06 allocated, 14.3%, 31358.00 reserved
elapsed time =  210717.83245372772
