Working directory is /home/maychris/Mars_Dust/Mars-Dust-Modelling
Running on hosts gl1517
Running on hosts gl1517
Running job convection
Running on 1 nodes
Running on processors
Time submitted: Sun Nov 9 17:28:03 EST 2025
Reading input file: convection_B_3D.yaml
Continuing from convection_B_3D.out2.00102.nc
102
count = 0, dt = 0.26430050689809803, time = 28555.482421875
mass =  tensor(101693.7394, device='cuda:0')
6040.84 allocated, 13.3%, 7340.00 reserved
count = 1000, dt = 0.2655306370070403, time = 28814.800087262967
mass =  tensor(101694.6052, device='cuda:0')
6515.93 allocated, 14.3%, 10638.00 reserved
count = 2000, dt = 0.2708928832610688, time = 29082.093729815653
mass =  tensor(101695.5343, device='cuda:0')
6516.84 allocated, 14.3%, 10638.00 reserved
count = 3000, dt = 0.25748350093493944, time = 29349.33155930104
mass =  tensor(101696.5020, device='cuda:0')
6515.93 allocated, 14.3%, 10638.00 reserved
count = 4000, dt = 0.2672995100087303, time = 29615.929500252747
mass =  tensor(101697.4715, device='cuda:0')
6516.84 allocated, 14.3%, 10638.00 reserved
count = 5000, dt = 0.2624845593389128, time = 29877.549826816423
mass =  tensor(101698.3661, device='cuda:0')
6515.93 allocated, 14.3%, 10638.00 reserved
count = 6000, dt = 0.25047412290559884, time = 30133.6321646158
mass =  tensor(101699.1873, device='cuda:0')
6516.84 allocated, 14.3%, 10638.00 reserved
count = 7000, dt = 0.2601296818821246, time = 30393.493243431047
mass =  tensor(101700.0623, device='cuda:0')
6515.93 allocated, 14.3%, 10638.00 reserved
count = 8000, dt = 0.25757140391306255, time = 30651.02002170941
mass =  tensor(101700.8743, device='cuda:0')
6516.84 allocated, 14.3%, 10638.00 reserved
count = 9000, dt = 0.25772175346613346, time = 30911.94846155267
mass =  tensor(101701.7439, device='cuda:0')
6515.93 allocated, 14.3%, 10638.00 reserved
count = 10000, dt = 0.2587954821871462, time = 31170.115426841698
mass =  tensor(101702.5241, device='cuda:0')
6516.84 allocated, 14.3%, 10638.00 reserved
count = 11000, dt = 0.26412286069579627, time = 31429.797428313832
mass =  tensor(101703.2874, device='cuda:0')
6515.93 allocated, 14.3%, 10638.00 reserved
count = 12000, dt = 0.2579809066600674, time = 31691.76506926223
mass =  tensor(101704.1362, device='cuda:0')
6516.84 allocated, 14.3%, 10638.00 reserved
count = 13000, dt = 0.2673229916974825, time = 31949.705165147738
mass =  tensor(101705.0265, device='cuda:0')
6515.93 allocated, 14.3%, 10638.00 reserved
count = 14000, dt = 0.25971001038922886, time = 32211.778031850386
mass =  tensor(101705.9574, device='cuda:0')
6516.84 allocated, 14.3%, 10638.00 reserved
count = 15000, dt = 0.26068477456542255, time = 32469.79672852739
mass =  tensor(101706.8005, device='cuda:0')
6515.93 allocated, 14.3%, 10638.00 reserved
count = 16000, dt = 0.2553451119743643, time = 32727.530851788008
mass =  tensor(101707.6667, device='cuda:0')
6516.84 allocated, 14.3%, 10638.00 reserved
count = 17000, dt = 0.2616667117597934, time = 32990.316128808765
mass =  tensor(101708.5266, device='cuda:0')
6515.93 allocated, 14.3%, 10638.00 reserved
count = 18000, dt = 0.2643911428329056, time = 33254.40723244886
mass =  tensor(101709.3992, device='cuda:0')
6516.84 allocated, 14.3%, 10638.00 reserved
count = 19000, dt = 0.2655365555388775, time = 33518.10610582246
mass =  tensor(101710.2389, device='cuda:0')
6515.93 allocated, 14.3%, 10638.00 reserved
count = 20000, dt = 0.2665381262449402, time = 33782.85977214672
mass =  tensor(101711.1636, device='cuda:0')
6516.84 allocated, 14.3%, 10638.00 reserved
count = 21000, dt = 0.263678485137622, time = 34045.00993373049
mass =  tensor(101712.1013, device='cuda:0')
6515.93 allocated, 14.3%, 10638.00 reserved
count = 22000, dt = 0.26224950931137003, time = 34311.23595079656
mass =  tensor(101713.0600, device='cuda:0')
6516.84 allocated, 14.3%, 10638.00 reserved
count = 23000, dt = 0.25892364206531815, time = 34568.936987718356
mass =  tensor(101713.9332, device='cuda:0')
6515.93 allocated, 14.3%, 10638.00 reserved
count = 24000, dt = 0.2555249072697482, time = 34831.22052729547
mass =  tensor(101714.7692, device='cuda:0')
6516.84 allocated, 14.3%, 10638.00 reserved
count = 25000, dt = 0.2666369573564797, time = 35091.41769776705
mass =  tensor(101715.6547, device='cuda:0')
6515.93 allocated, 14.3%, 10638.00 reserved
count = 26000, dt = 0.26001319915584953, time = 35354.38646066851
mass =  tensor(101716.5634, device='cuda:0')
6516.84 allocated, 14.3%, 10638.00 reserved
count = 27000, dt = 0.2677560657477829, time = 35618.82326906935
mass =  tensor(101717.4619, device='cuda:0')
6515.93 allocated, 14.3%, 10638.00 reserved
count = 28000, dt = 0.26007285774672045, time = 35881.138363631675
mass =  tensor(101718.3553, device='cuda:0')
6516.84 allocated, 14.3%, 10638.00 reserved
count = 29000, dt = 0.26582842381235167, time = 36145.159472492625
mass =  tensor(101719.2566, device='cuda:0')
6515.93 allocated, 14.3%, 10638.00 reserved
count = 30000, dt = 0.2543092021550534, time = 36407.399681040915
mass =  tensor(101720.1396, device='cuda:0')
6516.84 allocated, 14.3%, 10638.00 reserved
count = 31000, dt = 0.2677123945854052, time = 36673.24096024869
mass =  tensor(101721.1310, device='cuda:0')
6515.93 allocated, 14.3%, 10638.00 reserved
count = 32000, dt = 0.2651362069386972, time = 36944.11807827419
mass =  tensor(101722.2373, device='cuda:0')
6516.84 allocated, 14.3%, 10638.00 reserved
count = 33000, dt = 0.26122188174937283, time = 37210.44550141281
mass =  tensor(101723.3129, device='cuda:0')
6515.93 allocated, 14.3%, 10638.00 reserved
count = 34000, dt = 0.2726957039670638, time = 37477.20947090266
mass =  tensor(101724.3986, device='cuda:0')
6516.84 allocated, 14.3%, 10638.00 reserved
count = 35000, dt = 0.25923372888770213, time = 37745.096377530615
mass =  tensor(101725.4905, device='cuda:0')
6515.93 allocated, 14.3%, 10638.00 reserved
count = 36000, dt = 0.26349484402375717, time = 38008.970175562165
mass =  tensor(101726.4908, device='cuda:0')
6516.84 allocated, 14.3%, 10638.00 reserved
count = 37000, dt = 0.27360121365529344, time = 38274.61991884607
mass =  tensor(101727.4961, device='cuda:0')
6515.93 allocated, 14.3%, 10638.00 reserved
count = 38000, dt = 0.2668251250283448, time = 38546.817279587376
mass =  tensor(101728.5419, device='cuda:0')
6516.84 allocated, 14.3%, 10638.00 reserved
count = 39000, dt = 0.27178943127682087, time = 38815.76482949465
mass =  tensor(101729.4911, device='cuda:0')
6515.93 allocated, 14.3%, 10638.00 reserved
count = 40000, dt = 0.25002633180128736, time = 39078.18166440675
mass =  tensor(101730.3803, device='cuda:0')
6516.84 allocated, 14.3%, 10638.00 reserved
count = 41000, dt = 0.25690669224873147, time = 39338.855202103965
mass =  tensor(101731.2823, device='cuda:0')
6515.93 allocated, 14.3%, 10638.00 reserved
count = 42000, dt = 0.26391321639780024, time = 39601.766164901106
mass =  tensor(101732.2269, device='cuda:0')
6516.84 allocated, 14.3%, 10638.00 reserved
count = 43000, dt = 0.2589195265352749, time = 39865.90995224437
mass =  tensor(101733.1964, device='cuda:0')
6515.93 allocated, 14.3%, 10638.00 reserved
count = 44000, dt = 0.2579073995559922, time = 40129.86773209815
mass =  tensor(101734.1780, device='cuda:0')
6516.84 allocated, 14.3%, 10638.00 reserved
count = 45000, dt = 0.25867383684058753, time = 40396.131466079656
mass =  tensor(101735.1241, device='cuda:0')
6515.93 allocated, 14.3%, 10638.00 reserved
count = 46000, dt = 0.25885420012881294, time = 40656.65817560474
mass =  tensor(101735.9520, device='cuda:0')
6516.84 allocated, 14.3%, 10638.00 reserved
count = 47000, dt = 0.2558142011419024, time = 40914.216783240234
mass =  tensor(101736.7270, device='cuda:0')
6515.93 allocated, 14.3%, 10638.00 reserved
count = 48000, dt = 0.2697768087877428, time = 41176.48944029943
mass =  tensor(101737.5661, device='cuda:0')
6516.84 allocated, 14.3%, 10638.00 reserved
count = 49000, dt = 0.26033831128302265, time = 41443.851322317896
mass =  tensor(101738.5583, device='cuda:0')
6515.93 allocated, 14.3%, 10638.00 reserved
count = 50000, dt = 0.25543292096916664, time = 41701.29902529419
mass =  tensor(101739.4425, device='cuda:0')
6516.84 allocated, 14.3%, 10638.00 reserved
count = 51000, dt = 0.26405177412889264, time = 41964.324071315394
mass =  tensor(101740.4165, device='cuda:0')
6515.93 allocated, 14.3%, 10638.00 reserved
count = 52000, dt = 0.2561097234705723, time = 42231.44398427655
mass =  tensor(101741.4199, device='cuda:0')
6516.84 allocated, 14.3%, 10638.00 reserved
count = 53000, dt = 0.2664917873470889, time = 42492.79590947804
mass =  tensor(101742.3212, device='cuda:0')
6515.93 allocated, 14.3%, 10638.00 reserved
count = 54000, dt = 0.27418205119140643, time = 42762.16350647025
mass =  tensor(101743.3258, device='cuda:0')
6516.84 allocated, 14.3%, 10638.00 reserved
count = 55000, dt = 0.27397113702014125, time = 43032.35532361836
mass =  tensor(101744.3793, device='cuda:0')
6515.93 allocated, 14.3%, 10638.00 reserved
count = 56000, dt = 0.26692453650022, time = 43303.900586507145
mass =  tensor(101745.3950, device='cuda:0')
6516.84 allocated, 14.3%, 10638.00 reserved
count = 57000, dt = 0.267261023534225, time = 43572.71325508947
mass =  tensor(101746.3680, device='cuda:0')
6515.93 allocated, 14.3%, 10638.00 reserved
count = 58000, dt = 0.2573506669428366, time = 43835.602191927705
mass =  tensor(101747.2195, device='cuda:0')
6516.84 allocated, 14.3%, 10638.00 reserved
count = 59000, dt = 0.26993091845678824, time = 44102.21457875066
mass =  tensor(101748.0847, device='cuda:0')
6515.93 allocated, 14.3%, 10638.00 reserved
count = 60000, dt = 0.2615456984206549, time = 44365.2220018975
mass =  tensor(101749.0123, device='cuda:0')
6516.84 allocated, 14.3%, 10638.00 reserved
count = 61000, dt = 0.25502324176272123, time = 44630.290620523294
mass =  tensor(101749.9297, device='cuda:0')
6515.93 allocated, 14.3%, 10638.00 reserved
count = 62000, dt = 0.25863509495721804, time = 44884.91911924388
mass =  tensor(101750.7483, device='cuda:0')
6516.84 allocated, 14.3%, 10638.00 reserved
count = 63000, dt = 0.2665960190292371, time = 45149.78936536622
mass =  tensor(101751.7407, device='cuda:0')
6515.93 allocated, 14.3%, 10638.00 reserved
count = 64000, dt = 0.26731840818851543, time = 45415.95573175995
mass =  tensor(101752.7196, device='cuda:0')
6516.84 allocated, 14.3%, 10638.00 reserved
count = 65000, dt = 0.2513319393350557, time = 45675.0628952583
mass =  tensor(101753.5698, device='cuda:0')
6515.93 allocated, 14.3%, 10638.00 reserved
count = 66000, dt = 0.25583198908445454, time = 45930.356451412925
mass =  tensor(101754.3886, device='cuda:0')
6516.84 allocated, 14.3%, 10638.00 reserved
count = 67000, dt = 0.26846900590911993, time = 46192.700788398804
mass =  tensor(101755.2560, device='cuda:0')
6515.93 allocated, 14.3%, 10638.00 reserved
count = 68000, dt = 0.27262830983649206, time = 46454.949338281
mass =  tensor(101756.1367, device='cuda:0')
6516.84 allocated, 14.3%, 10638.00 reserved
count = 69000, dt = 0.27065274891907526, time = 46719.19791289027
mass =  tensor(101757.0091, device='cuda:0')
6515.93 allocated, 14.3%, 10638.00 reserved
count = 70000, dt = 0.26698934992343265, time = 46986.67932191092
mass =  tensor(101757.9291, device='cuda:0')
6516.84 allocated, 14.3%, 10638.00 reserved
count = 71000, dt = 0.2567629685572033, time = 47249.90901661129
mass =  tensor(101758.8337, device='cuda:0')
6515.93 allocated, 14.3%, 10638.00 reserved
count = 72000, dt = 0.26623622701653415, time = 47511.35185505226
mass =  tensor(101759.7111, device='cuda:0')
6516.84 allocated, 14.3%, 10638.00 reserved
count = 73000, dt = 0.2523258911690234, time = 47773.26839655719
mass =  tensor(101760.5964, device='cuda:0')
6515.93 allocated, 14.3%, 10638.00 reserved
count = 74000, dt = 0.26192452493995, time = 48036.25860234798
mass =  tensor(101761.6125, device='cuda:0')
6516.84 allocated, 14.3%, 10638.00 reserved
count = 75000, dt = 0.27153363221013704, time = 48298.560491787524
mass =  tensor(101762.5773, device='cuda:0')
6515.93 allocated, 14.3%, 10638.00 reserved
count = 76000, dt = 0.2720532675226827, time = 48567.31676262324
mass =  tensor(101763.5778, device='cuda:0')
6516.84 allocated, 14.3%, 10638.00 reserved
count = 77000, dt = 0.26848820306580484, time = 48833.97225068535
mass =  tensor(101764.5426, device='cuda:0')
6515.93 allocated, 14.3%, 10638.00 reserved
count = 78000, dt = 0.26978453932498164, time = 49098.98651639203
mass =  tensor(101765.4958, device='cuda:0')
6516.84 allocated, 14.3%, 10638.00 reserved
count = 79000, dt = 0.25657537788723905, time = 49364.6646484968
mass =  tensor(101766.4895, device='cuda:0')
6515.93 allocated, 14.3%, 10638.00 reserved
count = 80000, dt = 0.2640272139661697, time = 49626.19156953588
mass =  tensor(101767.4012, device='cuda:0')
6516.84 allocated, 14.3%, 10638.00 reserved
count = 81000, dt = 0.2659013210087115, time = 49889.2406524622
mass =  tensor(101768.3314, device='cuda:0')
6515.93 allocated, 14.3%, 10638.00 reserved
count = 82000, dt = 0.2681169128132827, time = 50155.3564961445
mass =  tensor(101769.3017, device='cuda:0')
6516.84 allocated, 14.3%, 10638.00 reserved
count = 83000, dt = 0.2670038797790842, time = 50422.77117783113
mass =  tensor(101770.3192, device='cuda:0')
6515.93 allocated, 14.3%, 10638.00 reserved
count = 84000, dt = 0.2695905499932957, time = 50688.28844301269
mass =  tensor(101771.3129, device='cuda:0')
6516.84 allocated, 14.3%, 10638.00 reserved
count = 85000, dt = 0.25522755876277003, time = 50952.621845800786
mass =  tensor(101772.2729, device='cuda:0')
6515.93 allocated, 14.3%, 10638.00 reserved
count = 86000, dt = 0.25035429045221347, time = 51221.10378608295
mass =  tensor(101773.3098, device='cuda:0')
6516.84 allocated, 14.3%, 10638.00 reserved
count = 87000, dt = 0.27178350547797964, time = 51480.962570217394
mass =  tensor(101774.1666, device='cuda:0')
6515.93 allocated, 14.3%, 10638.00 reserved
count = 88000, dt = 0.26578388381456736, time = 51745.545333143054
mass =  tensor(101775.1239, device='cuda:0')
6516.84 allocated, 14.3%, 10638.00 reserved
count = 89000, dt = 0.2674017581291617, time = 52016.850346494175
mass =  tensor(101776.1523, device='cuda:0')
6515.93 allocated, 14.3%, 10638.00 reserved
count = 90000, dt = 0.26535128204618447, time = 52283.827183872
mass =  tensor(101777.0893, device='cuda:0')
6516.84 allocated, 14.3%, 10638.00 reserved
count = 91000, dt = 0.27207495885561755, time = 52554.331275937235
mass =  tensor(101778.0270, device='cuda:0')
6515.93 allocated, 14.3%, 10638.00 reserved
count = 92000, dt = 0.2673547901029226, time = 52820.93032045397
mass =  tensor(101778.9164, device='cuda:0')
6516.84 allocated, 14.3%, 10638.00 reserved
count = 93000, dt = 0.2625543500145529, time = 53084.26671856432
mass =  tensor(101779.7857, device='cuda:0')
6515.93 allocated, 14.3%, 10638.00 reserved
count = 94000, dt = 0.262369308542337, time = 53347.90990828108
mass =  tensor(101780.6744, device='cuda:0')
6516.84 allocated, 14.3%, 10638.00 reserved
count = 95000, dt = 0.2737124254011107, time = 53613.840153489036
mass =  tensor(101781.5891, device='cuda:0')
6515.93 allocated, 14.3%, 10638.00 reserved
count = 96000, dt = 0.2716856353595158, time = 53885.28706962673
mass =  tensor(101782.6617, device='cuda:0')
6516.84 allocated, 14.3%, 10638.00 reserved
count = 97000, dt = 0.26446125995404823, time = 54154.249552933805
mass =  tensor(101783.6880, device='cuda:0')
6515.93 allocated, 14.3%, 10638.00 reserved
count = 98000, dt = 0.2639048019074476, time = 54419.70599747556
mass =  tensor(101784.6799, device='cuda:0')
6516.84 allocated, 14.3%, 10638.00 reserved
count = 99000, dt = 0.2566729479473227, time = 54684.01600163608
mass =  tensor(101785.6824, device='cuda:0')
6515.93 allocated, 14.3%, 10638.00 reserved
count = 100000, dt = 0.26768006292833874, time = 54942.163284468654
mass =  tensor(101786.6305, device='cuda:0')
6516.84 allocated, 14.3%, 10638.00 reserved
count = 101000, dt = 0.25725116226110484, time = 55210.85559565614
mass =  tensor(101787.7313, device='cuda:0')
6515.93 allocated, 14.3%, 10638.00 reserved
count = 102000, dt = 0.2718738757004446, time = 55480.481448824314
mass =  tensor(101788.8022, device='cuda:0')
6516.84 allocated, 14.3%, 10638.00 reserved
count = 103000, dt = 0.25623663838746297, time = 55743.119897750264
mass =  tensor(101789.7036, device='cuda:0')
6515.93 allocated, 14.3%, 10638.00 reserved
count = 104000, dt = 0.27204865283536855, time = 56012.56246738651
mass =  tensor(101790.6423, device='cuda:0')
6516.84 allocated, 14.3%, 10638.00 reserved
count = 105000, dt = 0.27582309541114586, time = 56287.163573574166
mass =  tensor(101791.6438, device='cuda:0')
6515.93 allocated, 14.3%, 10638.00 reserved
count = 106000, dt = 0.2737946366487683, time = 56564.56902047654
mass =  tensor(101792.6890, device='cuda:0')
6516.84 allocated, 14.3%, 10638.00 reserved
count = 107000, dt = 0.27184823417310017, time = 56841.03006934355
mass =  tensor(101793.7980, device='cuda:0')
6515.93 allocated, 14.3%, 10638.00 reserved
count = 108000, dt = 0.274092077708271, time = 57112.85434045914
mass =  tensor(101794.8482, device='cuda:0')
6516.84 allocated, 14.3%, 10638.00 reserved
elapsed time =  150734.33611130714
