Reading input file: convection_C.yaml
count = 0, dt = 1.1488562446504442, time = 0.0
mass =  tensor(117.5819, device='cuda:0')
count = 1000, dt = 1.083250738325864, time = 1115.5061429088728
mass =  tensor(117.5932, device='cuda:0')
count = 2000, dt = 0.9977917625213868, time = 2159.474405596546
mass =  tensor(117.6009, device='cuda:0')
count = 3000, dt = 1.030540819879492, time = 3155.857687254712
mass =  tensor(117.5989, device='cuda:0')
count = 4000, dt = 1.0329136716084752, time = 4194.647903199266
mass =  tensor(117.5862, device='cuda:0')
count = 5000, dt = 1.040249418076316, time = 5233.287139919462
mass =  tensor(117.5718, device='cuda:0')
count = 6000, dt = 1.017959659817621, time = 6247.226236530665
mass =  tensor(117.5556, device='cuda:0')
count = 7000, dt = 1.014399361412565, time = 7256.157078674354
mass =  tensor(117.5398, device='cuda:0')
count = 8000, dt = 1.0085206258455481, time = 8260.812120028842
mass =  tensor(117.5242, device='cuda:0')
count = 9000, dt = 0.9820184634593341, time = 9239.046159173362
mass =  tensor(117.5002, device='cuda:0')
count = 10000, dt = 0.895862673022284, time = 10190.883820645391
mass =  tensor(117.4839, device='cuda:0')
count = 11000, dt = 0.9563615507832396, time = 11116.62902162965
mass =  tensor(117.4669, device='cuda:0')
count = 12000, dt = 0.9001071835943583, time = 12032.5746961782
mass =  tensor(117.4543, device='cuda:0')
count = 13000, dt = 0.8723796417153824, time = 12948.352561152085
mass =  tensor(117.4380, device='cuda:0')
count = 14000, dt = 0.7974706822355196, time = 13810.753384970654
mass =  tensor(117.4161, device='cuda:0')
count = 15000, dt = 0.814528810261493, time = 14632.62140674155
mass =  tensor(117.4009, device='cuda:0')
count = 16000, dt = 0.7910926181667355, time = 15423.590100907993
mass =  tensor(117.3793, device='cuda:0')
count = 17000, dt = 0.7806276713752618, time = 16207.793214894109
mass =  tensor(117.3758, device='cuda:0')
count = 18000, dt = 0.7941518503841762, time = 16991.20131446212
mass =  tensor(117.3654, device='cuda:0')
count = 19000, dt = 0.7633380935380462, time = 17766.818106141283
mass =  tensor(117.3365, device='cuda:0')
count = 20000, dt = 0.7407125772229177, time = 18488.536506313474
mass =  tensor(117.3310, device='cuda:0')
count = 21000, dt = 0.7634700686021829, time = 19233.020095327218
mass =  tensor(117.3237, device='cuda:0')
count = 22000, dt = 0.7278295563870071, time = 19971.28015946127
mass =  tensor(117.3003, device='cuda:0')
count = 23000, dt = 0.7113681765808224, time = 20693.037695842264
mass =  tensor(117.2934, device='cuda:0')
count = 24000, dt = 0.7194975391834805, time = 21421.715791109265
mass =  tensor(117.2762, device='cuda:0')
count = 25000, dt = 0.7101738024076981, time = 22140.057193189987
mass =  tensor(117.2685, device='cuda:0')
count = 26000, dt = 0.7306440817450564, time = 22855.749567412062
mass =  tensor(117.2560, device='cuda:0')
count = 27000, dt = 0.7290199602129149, time = 23586.73017987532
mass =  tensor(117.2516, device='cuda:0')
count = 28000, dt = 0.7192528788499668, time = 24295.357334187665
mass =  tensor(117.2271, device='cuda:0')
count = 29000, dt = 0.6732057801172429, time = 24975.799109984975
mass =  tensor(117.2176, device='cuda:0')
count = 30000, dt = 0.7120064586348107, time = 25682.01536659192
mass =  tensor(117.2063, device='cuda:0')
count = 31000, dt = 0.7159624047386538, time = 26400.401376292848
mass =  tensor(117.2153, device='cuda:0')
count = 32000, dt = 0.6946028951091345, time = 27109.741500458287
mass =  tensor(117.2017, device='cuda:0')
count = 33000, dt = 0.6793756189751751, time = 27778.92344552119
mass =  tensor(117.2061, device='cuda:0')
count = 34000, dt = 0.7128489883351694, time = 28473.226857923273
mass =  tensor(117.2011, device='cuda:0')
count = 35000, dt = 0.6892791338423637, time = 29157.25815837125
mass =  tensor(117.1951, device='cuda:0')
count = 36000, dt = 0.6814761571819535, time = 29839.908456520552
mass =  tensor(117.1929, device='cuda:0')
count = 37000, dt = 0.6554881406609823, time = 30503.086706584098
mass =  tensor(117.1902, device='cuda:0')
count = 38000, dt = 0.6702621612674318, time = 31165.314857721467
mass =  tensor(117.1889, device='cuda:0')
count = 39000, dt = 0.6524687059578861, time = 31824.503443032816
mass =  tensor(117.1865, device='cuda:0')
count = 40000, dt = 0.6588957636192837, time = 32484.959487015327
mass =  tensor(117.1831, device='cuda:0')
count = 41000, dt = 0.6418247090113496, time = 33125.870990658776
mass =  tensor(117.1807, device='cuda:0')
count = 42000, dt = 0.6345741614098148, time = 33768.24283138243
mass =  tensor(117.1788, device='cuda:0')
count = 43000, dt = 0.6373921600984959, time = 34404.44810188748
mass =  tensor(117.1761, device='cuda:0')
count = 44000, dt = 0.6376018567774029, time = 35042.48393985892
mass =  tensor(117.1731, device='cuda:0')
count = 45000, dt = 0.6208233487045111, time = 35677.0451636497
mass =  tensor(117.1691, device='cuda:0')
count = 46000, dt = 0.6158745325436306, time = 36304.584058508575
mass =  tensor(117.1664, device='cuda:0')
count = 47000, dt = 0.6150511039786721, time = 36928.16230606169
mass =  tensor(117.1629, device='cuda:0')
count = 48000, dt = 0.6132445118925125, time = 37548.555826694974
mass =  tensor(117.1595, device='cuda:0')
count = 49000, dt = 0.609649695075685, time = 38164.55149218323
mass =  tensor(117.1556, device='cuda:0')
count = 50000, dt = 0.6098542226949661, time = 38781.529591204
mass =  tensor(117.1518, device='cuda:0')
count = 51000, dt = 0.6044098054720592, time = 39390.8174976569
mass =  tensor(117.1473, device='cuda:0')
count = 52000, dt = 0.6083165504610548, time = 40001.72740486864
mass =  tensor(117.1453, device='cuda:0')
count = 53000, dt = 0.6176111068460718, time = 40609.131709423746
mass =  tensor(117.1439, device='cuda:0')
count = 54000, dt = 0.6115050878268689, time = 41217.19505259434
mass =  tensor(117.1425, device='cuda:0')
count = 55000, dt = 0.6207856641716619, time = 41825.179486366025
mass =  tensor(117.1391, device='cuda:0')
count = 56000, dt = 0.606140514198192, time = 42423.94669040029
mass =  tensor(117.1373, device='cuda:0')
count = 57000, dt = 0.6100480843857146, time = 43028.96695552022
mass =  tensor(117.1332, device='cuda:0')
elapsed time =  531.7228002548218
Working directory is /home/maychris/Mars_Dust/Mars-Dust-Modelling
Running on hosts gl1016
Running on hosts gl1016
Running job convection
Running on 1 nodes
Running on processors
Time submitted: Wed Oct 15 15:12:24 EDT 2025
