Working directory is /home/maychris/Mars_Dust/Mars-Dust-Modelling
Running on hosts gl1525
Running on hosts gl1525
Running job convection
Running on 1 nodes
Running on processors
Time submitted: Sun Nov 9 16:42:33 EST 2025
Reading input file: convection_A_3D.yaml
Continuing from convection_A_3D.out2.00068.nc
68
count = 0, dt = 0.3830018726342233, time = 28760.53515625
mass =  tensor(30124.7581, device='cuda:0')
1879.09 allocated, 4.1%, 2282.00 reserved
count = 1000, dt = 0.3808467258814894, time = 29146.762281329567
mass =  tensor(30125.0135, device='cuda:0')
2027.07 allocated, 4.5%, 3310.00 reserved
count = 2000, dt = 0.39595416059766897, time = 29537.14146616509
mass =  tensor(30125.3031, device='cuda:0')
2027.09 allocated, 4.5%, 3310.00 reserved
count = 3000, dt = 0.39870357664231815, time = 29930.891028275833
mass =  tensor(30125.6067, device='cuda:0')
2027.07 allocated, 4.5%, 3310.00 reserved
count = 4000, dt = 0.39794748462081886, time = 30326.530019639147
mass =  tensor(30125.8961, device='cuda:0')
2027.09 allocated, 4.5%, 3310.00 reserved
count = 5000, dt = 0.3982188567628917, time = 30723.677392618683
mass =  tensor(30126.1854, device='cuda:0')
2027.07 allocated, 4.5%, 3310.00 reserved
count = 6000, dt = 0.3825223911729726, time = 31116.075173371108
mass =  tensor(30126.4401, device='cuda:0')
2027.09 allocated, 4.5%, 3310.00 reserved
count = 7000, dt = 0.3888708182487194, time = 31505.865176782565
mass =  tensor(30126.7111, device='cuda:0')
2027.07 allocated, 4.5%, 3310.00 reserved
count = 8000, dt = 0.39196596781846965, time = 31896.030514117883
mass =  tensor(30126.9769, device='cuda:0')
2027.09 allocated, 4.5%, 3310.00 reserved
count = 9000, dt = 0.3869455488084287, time = 32283.141912468243
mass =  tensor(30127.2372, device='cuda:0')
2027.07 allocated, 4.5%, 3310.00 reserved
count = 10000, dt = 0.3857334747582245, time = 32669.998467086603
mass =  tensor(30127.5034, device='cuda:0')
2027.09 allocated, 4.5%, 3310.00 reserved
count = 11000, dt = 0.4064684810032319, time = 33064.94277577333
mass =  tensor(30127.8110, device='cuda:0')
2027.07 allocated, 4.5%, 3310.00 reserved
count = 12000, dt = 0.3883595983109455, time = 33462.839618180704
mass =  tensor(30128.1321, device='cuda:0')
2027.09 allocated, 4.5%, 3310.00 reserved
count = 13000, dt = 0.4033294020381449, time = 33854.48380600822
mass =  tensor(30128.4419, device='cuda:0')
2027.07 allocated, 4.5%, 3310.00 reserved
count = 14000, dt = 0.3852712113441047, time = 34243.20778025153
mass =  tensor(30128.7154, device='cuda:0')
2027.09 allocated, 4.5%, 3310.00 reserved
count = 15000, dt = 0.3929970602444433, time = 34633.770910160456
mass =  tensor(30128.9888, device='cuda:0')
2027.07 allocated, 4.5%, 3310.00 reserved
count = 16000, dt = 0.403491445527815, time = 35032.150459323406
mass =  tensor(30129.2812, device='cuda:0')
2027.09 allocated, 4.5%, 3310.00 reserved
count = 17000, dt = 0.39947975015401543, time = 35439.101737355144
mass =  tensor(30129.5948, device='cuda:0')
2027.07 allocated, 4.5%, 3310.00 reserved
count = 18000, dt = 0.388333044040855, time = 35832.609463513785
mass =  tensor(30129.8814, device='cuda:0')
2027.09 allocated, 4.5%, 3310.00 reserved
count = 19000, dt = 0.382513374330727, time = 36213.88291059946
mass =  tensor(30130.1092, device='cuda:0')
2027.07 allocated, 4.5%, 3310.00 reserved
count = 20000, dt = 0.38986160840502954, time = 36603.45957038046
mass =  tensor(30130.3543, device='cuda:0')
2027.09 allocated, 4.5%, 3310.00 reserved
count = 21000, dt = 0.38529055441082305, time = 36993.99071220571
mass =  tensor(30130.6005, device='cuda:0')
2027.07 allocated, 4.5%, 3310.00 reserved
count = 22000, dt = 0.3923759603218431, time = 37379.14327018657
mass =  tensor(30130.8347, device='cuda:0')
2027.09 allocated, 4.5%, 3310.00 reserved
count = 23000, dt = 0.38202195795495786, time = 37766.1719796747
mass =  tensor(30131.0872, device='cuda:0')
2027.07 allocated, 4.5%, 3310.00 reserved
count = 24000, dt = 0.3980956068343188, time = 38157.55740232231
mass =  tensor(30131.3665, device='cuda:0')
2027.09 allocated, 4.5%, 3310.00 reserved
count = 25000, dt = 0.3852961569044682, time = 38551.6781456371
mass =  tensor(30131.6470, device='cuda:0')
2027.07 allocated, 4.5%, 3310.00 reserved
count = 26000, dt = 0.3996265488771075, time = 38948.01225378674
mass =  tensor(30131.9551, device='cuda:0')
2027.09 allocated, 4.5%, 3310.00 reserved
count = 27000, dt = 0.3902576807529686, time = 39342.8773755477
mass =  tensor(30132.2502, device='cuda:0')
2027.07 allocated, 4.5%, 3310.00 reserved
count = 28000, dt = 0.40041053129197507, time = 39741.10483748964
mass =  tensor(30132.5817, device='cuda:0')
2027.09 allocated, 4.5%, 3310.00 reserved
count = 29000, dt = 0.3815434387970265, time = 40138.23712280111
mass =  tensor(30132.8947, device='cuda:0')
2027.07 allocated, 4.5%, 3310.00 reserved
count = 30000, dt = 0.38706584302814245, time = 40524.537236900775
mass =  tensor(30133.1625, device='cuda:0')
2027.09 allocated, 4.5%, 3310.00 reserved
count = 31000, dt = 0.3754509131607463, time = 40908.85701028696
mass =  tensor(30133.4665, device='cuda:0')
2027.07 allocated, 4.5%, 3310.00 reserved
count = 32000, dt = 0.38884394943421563, time = 41292.408554062466
mass =  tensor(30133.7323, device='cuda:0')
2027.09 allocated, 4.5%, 3310.00 reserved
count = 33000, dt = 0.40957698629910955, time = 41685.755094070126
mass =  tensor(30134.0399, device='cuda:0')
2027.07 allocated, 4.5%, 3310.00 reserved
count = 34000, dt = 0.36966675721257747, time = 42079.01084528218
mass =  tensor(30134.3764, device='cuda:0')
2027.09 allocated, 4.5%, 3310.00 reserved
count = 35000, dt = 0.3825262521868537, time = 42472.12047325306
mass =  tensor(30134.6894, device='cuda:0')
2027.07 allocated, 4.5%, 3310.00 reserved
count = 36000, dt = 0.4054954608008076, time = 42865.26042377954
mass =  tensor(30134.9524, device='cuda:0')
2027.09 allocated, 4.5%, 3310.00 reserved
count = 37000, dt = 0.39741714586598487, time = 43265.04208478055
mass =  tensor(30135.2230, device='cuda:0')
2027.07 allocated, 4.5%, 3310.00 reserved
count = 38000, dt = 0.4043876981910128, time = 43663.51755894379
mass =  tensor(30135.4853, device='cuda:0')
2027.09 allocated, 4.5%, 3310.00 reserved
count = 39000, dt = 0.4103200553429936, time = 44061.96161773851
mass =  tensor(30135.7641, device='cuda:0')
2027.07 allocated, 4.5%, 3310.00 reserved
count = 40000, dt = 0.4133709337192244, time = 44464.06074631906
mass =  tensor(30136.0425, device='cuda:0')
2027.09 allocated, 4.5%, 3310.00 reserved
count = 41000, dt = 0.3945540101661938, time = 44855.047513397105
mass =  tensor(30136.3186, device='cuda:0')
2027.07 allocated, 4.5%, 3310.00 reserved
count = 42000, dt = 0.3899158864606752, time = 45244.79894556697
mass =  tensor(30136.5991, device='cuda:0')
2027.09 allocated, 4.5%, 3310.00 reserved
count = 43000, dt = 0.3852054419507976, time = 45641.793882631624
mass =  tensor(30136.9137, device='cuda:0')
2027.07 allocated, 4.5%, 3310.00 reserved
count = 44000, dt = 0.4103498243607047, time = 46042.3524771059
mass =  tensor(30137.2399, device='cuda:0')
2027.09 allocated, 4.5%, 3310.00 reserved
count = 45000, dt = 0.4036188486558629, time = 46446.78602490915
mass =  tensor(30137.5994, device='cuda:0')
2027.07 allocated, 4.5%, 3310.00 reserved
count = 46000, dt = 0.402267230000976, time = 46846.22970542474
mass =  tensor(30137.8827, device='cuda:0')
2027.09 allocated, 4.5%, 3310.00 reserved
count = 47000, dt = 0.3858806310940634, time = 47235.04238960971
mass =  tensor(30138.1343, device='cuda:0')
2027.07 allocated, 4.5%, 3310.00 reserved
count = 48000, dt = 0.39724280882743634, time = 47630.27066252343
mass =  tensor(30138.4406, device='cuda:0')
2027.09 allocated, 4.5%, 3310.00 reserved
count = 49000, dt = 0.4023698268438029, time = 48025.81757008217
mass =  tensor(30138.7368, device='cuda:0')
2027.07 allocated, 4.5%, 3310.00 reserved
count = 50000, dt = 0.3928221635909986, time = 48421.62884734533
mass =  tensor(30139.0654, device='cuda:0')
2027.09 allocated, 4.5%, 3310.00 reserved
count = 51000, dt = 0.3970140518618184, time = 48813.67125141363
mass =  tensor(30139.3824, device='cuda:0')
2027.07 allocated, 4.5%, 3310.00 reserved
count = 52000, dt = 0.40559665615877705, time = 49208.8725407313
mass =  tensor(30139.7316, device='cuda:0')
2027.09 allocated, 4.5%, 3310.00 reserved
count = 53000, dt = 0.3999950103972536, time = 49614.36311875675
mass =  tensor(30140.1128, device='cuda:0')
2027.07 allocated, 4.5%, 3310.00 reserved
count = 54000, dt = 0.40141292379358473, time = 50012.63534793299
mass =  tensor(30140.4590, device='cuda:0')
2027.09 allocated, 4.5%, 3310.00 reserved
count = 55000, dt = 0.4066190550671612, time = 50414.07517346472
mass =  tensor(30140.7773, device='cuda:0')
2027.07 allocated, 4.5%, 3310.00 reserved
count = 56000, dt = 0.40403477411790895, time = 50810.21905540339
mass =  tensor(30141.0695, device='cuda:0')
2027.09 allocated, 4.5%, 3310.00 reserved
count = 57000, dt = 0.3859777797211682, time = 51201.400993571515
mass =  tensor(30141.3476, device='cuda:0')
2027.07 allocated, 4.5%, 3310.00 reserved
count = 58000, dt = 0.3838971667484035, time = 51593.217266376065
mass =  tensor(30141.6327, device='cuda:0')
2027.09 allocated, 4.5%, 3310.00 reserved
count = 59000, dt = 0.4057636437923337, time = 51992.37830190288
mass =  tensor(30141.9380, device='cuda:0')
2027.07 allocated, 4.5%, 3310.00 reserved
count = 60000, dt = 0.40212491520418087, time = 52395.49578479784
mass =  tensor(30142.2581, device='cuda:0')
2027.09 allocated, 4.5%, 3310.00 reserved
count = 61000, dt = 0.40369705683898677, time = 52791.50254262918
mass =  tensor(30142.5520, device='cuda:0')
2027.07 allocated, 4.5%, 3310.00 reserved
count = 62000, dt = 0.3962567981509393, time = 53192.07004925517
mass =  tensor(30142.8355, device='cuda:0')
2027.09 allocated, 4.5%, 3310.00 reserved
count = 63000, dt = 0.41006451285840884, time = 53598.033149601826
mass =  tensor(30143.1319, device='cuda:0')
2027.07 allocated, 4.5%, 3310.00 reserved
count = 64000, dt = 0.3988138754690176, time = 54007.54506439831
mass =  tensor(30143.4382, device='cuda:0')
2027.09 allocated, 4.5%, 3310.00 reserved
count = 65000, dt = 0.3847823157756937, time = 54407.02761728209
mass =  tensor(30143.7472, device='cuda:0')
2027.07 allocated, 4.5%, 3310.00 reserved
count = 66000, dt = 0.39730979691741164, time = 54801.02415442555
mass =  tensor(30144.0360, device='cuda:0')
2027.09 allocated, 4.5%, 3310.00 reserved
count = 67000, dt = 0.413060613084878, time = 55200.98103471327
mass =  tensor(30144.3632, device='cuda:0')
2027.07 allocated, 4.5%, 3310.00 reserved
count = 68000, dt = 0.37861815604580845, time = 55603.43521070615
mass =  tensor(30144.6826, device='cuda:0')
2027.09 allocated, 4.5%, 3310.00 reserved
count = 69000, dt = 0.37353244816738806, time = 55993.20012642262
mass =  tensor(30144.9776, device='cuda:0')
2027.07 allocated, 4.5%, 3310.00 reserved
count = 70000, dt = 0.411155703021807, time = 56396.30462526558
mass =  tensor(30145.3109, device='cuda:0')
2027.09 allocated, 4.5%, 3310.00 reserved
count = 71000, dt = 0.4080281991360645, time = 56799.95096090982
mass =  tensor(30145.6344, device='cuda:0')
2027.07 allocated, 4.5%, 3310.00 reserved
count = 72000, dt = 0.4103108020254642, time = 57206.073618106544
mass =  tensor(30145.9673, device='cuda:0')
2027.09 allocated, 4.5%, 3310.00 reserved
elapsed time =  32752.653609275818
