Working directory is /home/maychris/Mars_Dust/Mars-Dust-Modelling
Running on hosts gl1503
Running on hosts gl1503
Running job convection
Running on 1 nodes
Running on processors
Time submitted: Sat Nov 29 21:24:26 EST 2025
Forcing: 72.5 W/m^2
Reading input file: convection_A_3D.yaml
count = 0, dt = 0.562003250165536, time = 0.0
mass =  tensor(30100.9655, device='cuda:0')
1952.41 allocated, 4.3%, 2326.00 reserved
count = 1000, dt = 0.5642850002328341, time = 567.8333957585559
mass =  tensor(30102.2103, device='cuda:0')
2027.07 allocated, 4.5%, 3316.00 reserved
count = 2000, dt = 0.541789137297353, time = 1126.8210880171077
mass =  tensor(30101.9662, device='cuda:0')
2027.09 allocated, 4.5%, 3316.00 reserved
count = 3000, dt = 0.4967557990676887, time = 1619.9846772096403
mass =  tensor(30100.7360, device='cuda:0')
2027.07 allocated, 4.5%, 3316.00 reserved
count = 4000, dt = 0.5019010479995595, time = 2116.315311950985
mass =  tensor(30100.9948, device='cuda:0')
2027.09 allocated, 4.5%, 3316.00 reserved
count = 5000, dt = 0.5099638607437846, time = 2620.59883454373
mass =  tensor(30101.2206, device='cuda:0')
2027.07 allocated, 4.5%, 3316.00 reserved
count = 6000, dt = 0.4978787270670574, time = 3125.289729451727
mass =  tensor(30101.4849, device='cuda:0')
2027.07 allocated, 4.5%, 3316.00 reserved
count = 7000, dt = 0.5050658495898552, time = 3629.26386529451
mass =  tensor(30101.7631, device='cuda:0')
2027.09 allocated, 4.5%, 3316.00 reserved
count = 8000, dt = 0.5032856762923655, time = 4130.793020227557
mass =  tensor(30102.0319, device='cuda:0')
2027.07 allocated, 4.5%, 3316.00 reserved
count = 9000, dt = 0.4980681315226969, time = 4629.725093298854
mass =  tensor(30102.2928, device='cuda:0')
2027.07 allocated, 4.5%, 3316.00 reserved
count = 10000, dt = 0.5029367295218914, time = 5124.0649511443835
mass =  tensor(30102.5371, device='cuda:0')
2027.09 allocated, 4.5%, 3316.00 reserved
count = 11000, dt = 0.4952249546174262, time = 5621.600063206091
mass =  tensor(30102.7744, device='cuda:0')
2027.07 allocated, 4.5%, 3316.00 reserved
count = 12000, dt = 0.4809724921026692, time = 6112.791195112009
mass =  tensor(30103.0127, device='cuda:0')
2027.07 allocated, 4.5%, 3316.00 reserved
count = 13000, dt = 0.4841342606922237, time = 6604.138197695817
mass =  tensor(30103.2478, device='cuda:0')
2027.09 allocated, 4.5%, 3316.00 reserved
count = 14000, dt = 0.4943705060644245, time = 7098.276961527477
mass =  tensor(30103.4899, device='cuda:0')
2027.07 allocated, 4.5%, 3316.00 reserved
count = 15000, dt = 0.4928767740034009, time = 7589.357181877168
mass =  tensor(30103.7281, device='cuda:0')
2027.07 allocated, 4.5%, 3316.00 reserved
count = 16000, dt = 0.49574328682027796, time = 8082.291934502608
mass =  tensor(30103.9717, device='cuda:0')
2027.09 allocated, 4.5%, 3316.00 reserved
count = 17000, dt = 0.48727681405433515, time = 8571.06606068758
mass =  tensor(30104.1948, device='cuda:0')
2027.07 allocated, 4.5%, 3316.00 reserved
count = 18000, dt = 0.48749840343078554, time = 9054.330393078255
mass =  tensor(30104.4113, device='cuda:0')
2027.07 allocated, 4.5%, 3316.00 reserved
count = 19000, dt = 0.49135491496659783, time = 9543.191115389867
mass =  tensor(30104.6476, device='cuda:0')
2027.09 allocated, 4.5%, 3316.00 reserved
count = 20000, dt = 0.4914254999279584, time = 10029.403231370545
mass =  tensor(30104.8791, device='cuda:0')
2027.07 allocated, 4.5%, 3316.00 reserved
count = 21000, dt = 0.4844179326405388, time = 10514.842917478505
mass =  tensor(30105.1108, device='cuda:0')
2027.07 allocated, 4.5%, 3316.00 reserved
count = 22000, dt = 0.4878620819585813, time = 10997.342072971313
mass =  tensor(30105.3409, device='cuda:0')
2027.09 allocated, 4.5%, 3316.00 reserved
count = 23000, dt = 0.4879772600269421, time = 11488.045293070336
mass =  tensor(30105.5787, device='cuda:0')
2027.07 allocated, 4.5%, 3316.00 reserved
count = 24000, dt = 0.4904932498642344, time = 11976.392170788871
mass =  tensor(30105.7999, device='cuda:0')
2027.07 allocated, 4.5%, 3316.00 reserved
count = 25000, dt = 0.4876589209244349, time = 12457.270194981646
mass =  tensor(30106.0370, device='cuda:0')
2027.09 allocated, 4.5%, 3316.00 reserved
count = 26000, dt = 0.4719765144132349, time = 12943.72733837372
mass =  tensor(30106.2780, device='cuda:0')
2027.07 allocated, 4.5%, 3316.00 reserved
count = 27000, dt = 0.4829253286873914, time = 13426.487826163195
mass =  tensor(30106.5179, device='cuda:0')
2027.07 allocated, 4.5%, 3316.00 reserved
count = 28000, dt = 0.47278532773895315, time = 13898.415301104715
mass =  tensor(30106.7368, device='cuda:0')
2027.09 allocated, 4.5%, 3316.00 reserved
count = 29000, dt = 0.48087631771803335, time = 14377.244062730768
mass =  tensor(30106.9744, device='cuda:0')
2027.07 allocated, 4.5%, 3316.00 reserved
count = 30000, dt = 0.4783612151412678, time = 14853.135105784411
mass =  tensor(30107.2028, device='cuda:0')
2027.07 allocated, 4.5%, 3316.00 reserved
count = 31000, dt = 0.47678571163654004, time = 15330.782327364856
mass =  tensor(30107.4370, device='cuda:0')
2027.09 allocated, 4.5%, 3316.00 reserved
count = 32000, dt = 0.4819049551930981, time = 15813.231423444773
mass =  tensor(30107.6739, device='cuda:0')
2027.07 allocated, 4.5%, 3316.00 reserved
count = 33000, dt = 0.47461051015369543, time = 16296.552712421795
mass =  tensor(30107.9112, device='cuda:0')
2027.07 allocated, 4.5%, 3316.00 reserved
count = 34000, dt = 0.47448632460436824, time = 16778.707485212
mass =  tensor(30108.1493, device='cuda:0')
2027.09 allocated, 4.5%, 3316.00 reserved
count = 35000, dt = 0.47852829910760003, time = 17260.538278067223
mass =  tensor(30108.3753, device='cuda:0')
2027.07 allocated, 4.5%, 3316.00 reserved
count = 36000, dt = 0.4853375014242087, time = 17740.662741404398
mass =  tensor(30108.6163, device='cuda:0')
2027.07 allocated, 4.5%, 3316.00 reserved
count = 37000, dt = 0.47756935906619596, time = 18224.224705180353
mass =  tensor(30108.8707, device='cuda:0')
2027.09 allocated, 4.5%, 3316.00 reserved
count = 38000, dt = 0.4855047885679752, time = 18703.153089531093
mass =  tensor(30109.1154, device='cuda:0')
2027.07 allocated, 4.5%, 3316.00 reserved
count = 39000, dt = 0.47843791298753613, time = 19184.6348411499
mass =  tensor(30109.3578, device='cuda:0')
2027.07 allocated, 4.5%, 3316.00 reserved
count = 40000, dt = 0.4844589305802854, time = 19662.285485271514
mass =  tensor(30109.5759, device='cuda:0')
2027.09 allocated, 4.5%, 3316.00 reserved
count = 41000, dt = 0.4670131247022236, time = 20139.98931767472
mass =  tensor(30109.8144, device='cuda:0')
2027.07 allocated, 4.5%, 3316.00 reserved
count = 42000, dt = 0.46288971440914806, time = 20615.493597439287
mass =  tensor(30110.0559, device='cuda:0')
2027.07 allocated, 4.5%, 3316.00 reserved
count = 43000, dt = 0.45881348485649187, time = 21088.039124838895
mass =  tensor(30110.2841, device='cuda:0')
2027.09 allocated, 4.5%, 3316.00 reserved
count = 44000, dt = 0.4773226260543435, time = 21555.21799238606
mass =  tensor(30110.5084, device='cuda:0')
2027.07 allocated, 4.5%, 3316.00 reserved
count = 45000, dt = 0.4677653224813908, time = 22022.159322566833
mass =  tensor(30110.7342, device='cuda:0')
2027.07 allocated, 4.5%, 3316.00 reserved
count = 46000, dt = 0.4589399729247472, time = 22488.019606606264
mass =  tensor(30110.9557, device='cuda:0')
2027.09 allocated, 4.5%, 3316.00 reserved
count = 47000, dt = 0.46893961758222996, time = 22948.810671623847
mass =  tensor(30111.1749, device='cuda:0')
2027.07 allocated, 4.5%, 3316.00 reserved
count = 48000, dt = 0.4795335206132909, time = 23422.126087142915
mass =  tensor(30111.4109, device='cuda:0')
2027.07 allocated, 4.5%, 3316.00 reserved
count = 49000, dt = 0.443143751055131, time = 23892.316546834707
mass =  tensor(30111.6413, device='cuda:0')
2027.09 allocated, 4.5%, 3316.00 reserved
count = 50000, dt = 0.46745996445737764, time = 24354.886344900176
mass =  tensor(30111.8601, device='cuda:0')
2027.07 allocated, 4.5%, 3316.00 reserved
count = 51000, dt = 0.4638036148697714, time = 24821.39885664651
mass =  tensor(30112.0789, device='cuda:0')
2027.07 allocated, 4.5%, 3316.00 reserved
count = 52000, dt = 0.45597919636403667, time = 25281.377944751046
mass =  tensor(30112.2683, device='cuda:0')
2027.09 allocated, 4.5%, 3316.00 reserved
count = 53000, dt = 0.45187402133992594, time = 25732.065887959383
mass =  tensor(30112.4447, device='cuda:0')
2027.07 allocated, 4.5%, 3316.00 reserved
count = 54000, dt = 0.4397614057481734, time = 26183.35447677241
mass =  tensor(30112.5941, device='cuda:0')
2027.07 allocated, 4.5%, 3316.00 reserved
count = 55000, dt = 0.4451452112595743, time = 26627.97228163972
mass =  tensor(30112.7149, device='cuda:0')
2027.09 allocated, 4.5%, 3316.00 reserved
count = 56000, dt = 0.43707514309242856, time = 27060.758209045463
mass =  tensor(30112.8157, device='cuda:0')
2027.07 allocated, 4.5%, 3316.00 reserved
count = 57000, dt = 0.4359721418699684, time = 27501.357847256753
mass =  tensor(30112.9368, device='cuda:0')
2027.07 allocated, 4.5%, 3316.00 reserved
count = 58000, dt = 0.4500996742837382, time = 27949.41226649229
mass =  tensor(30113.0668, device='cuda:0')
2027.09 allocated, 4.5%, 3316.00 reserved
count = 59000, dt = 0.44899891552745214, time = 28396.8398623523
mass =  tensor(30113.1834, device='cuda:0')
2027.07 allocated, 4.5%, 3316.00 reserved
elapsed time =  25596.032592773438
